{"/Users/charlyflow/programing/04-pictogramas-app/picto-app/eslint.config.js": {"path":"/Users/charlyflow/programing/04-pictogramas-app/picto-app/eslint.config.js","statementMap":{"0":{"start":{"line":2,"column":25},"end":{"line":2,"column":49}},"1":{"start":{"line":3,"column":19},"end":{"line":3,"column":53}},"2":{"start":{"line":5,"column":0},"end":{"line":13,"column":3}}},"fnMap":{},"branchMap":{},"s":{"0":0,"1":0,"2":0},"f":{},"b":{}}
,"/Users/charlyflow/programing/04-pictogramas-app/picto-app/global-style.ts": {"path":"/Users/charlyflow/programing/04-pictogramas-app/picto-app/global-style.ts","statementMap":{"0":{"start":{"line":3,"column":28},"end":{"line":122,"column":1}}},"fnMap":{},"branchMap":{},"s":{"0":0},"f":{},"b":{}}
,"/Users/charlyflow/programing/04-pictogramas-app/picto-app/metro.config.js": {"path":"/Users/charlyflow/programing/04-pictogramas-app/picto-app/metro.config.js","statementMap":{"0":{"start":{"line":1,"column":29},"end":{"line":1,"column":57}},"1":{"start":{"line":2,"column":27},"end":{"line":2,"column":54}},"2":{"start":{"line":4,"column":15},"end":{"line":4,"column":42}},"3":{"start":{"line":6,"column":0},"end":{"line":6,"column":71}}},"fnMap":{},"branchMap":{},"s":{"0":0,"1":0,"2":0,"3":0},"f":{},"b":{}}
,"/Users/charlyflow/programing/04-pictogramas-app/picto-app/nativewind-env.d.ts": {"path":"/Users/charlyflow/programing/04-pictogramas-app/picto-app/nativewind-env.d.ts","statementMap":{},"fnMap":{},"branchMap":{},"s":{},"f":{},"b":{}}
,"/Users/charlyflow/programing/04-pictogramas-app/picto-app/tailwind.config.js": {"path":"/Users/charlyflow/programing/04-pictogramas-app/picto-app/tailwind.config.js","statementMap":{"0":{"start":{"line":2,"column":0},"end":{"line":45,"column":2}}},"fnMap":{},"branchMap":{},"s":{"0":0},"f":{},"b":{}}
,"/Users/charlyflow/programing/04-pictogramas-app/picto-app/animations/useButtonPress.tsx": {"path":"/Users/charlyflow/programing/04-pictogramas-app/picto-app/animations/useButtonPress.tsx","statementMap":{"0":{"start":{"line":8,"column":23},"end":{"line":35,"column":1}},"1":{"start":{"line":9,"column":18},"end":{"line":9,"column":39}},"2":{"start":{"line":11,"column":21},"end":{"line":18,"column":6}},"3":{"start":{"line":14,"column":6},"end":{"line":14,"column":27}},"4":{"start":{"line":17,"column":6},"end":{"line":17,"column":28}},"5":{"start":{"line":20,"column":23},"end":{"line":29,"column":4}},"6":{"start":{"line":21,"column":4},"end":{"line":28,"column":6}},"7":{"start":{"line":31,"column":2},"end":{"line":34,"column":4}}},"fnMap":{"0":{"name":"(anonymous_0)","decl":{"start":{"line":8,"column":23},"end":{"line":8,"column":24}},"loc":{"start":{"line":8,"column":29},"end":{"line":35,"column":1}},"line":8},"1":{"name":"(anonymous_1)","decl":{"start":{"line":13,"column":13},"end":{"line":13,"column":14}},"loc":{"start":{"line":13,"column":19},"end":{"line":15,"column":5}},"line":13},"2":{"name":"(anonymous_2)","decl":{"start":{"line":16,"column":16},"end":{"line":16,"column":17}},"loc":{"start":{"line":16,"column":22},"end":{"line":18,"column":5}},"line":16},"3":{"name":"(anonymous_3)","decl":{"start":{"line":20,"column":40},"end":{"line":20,"column":41}},"loc":{"start":{"line":20,"column":46},"end":{"line":29,"column":3}},"line":20}},"branchMap":{"0":{"loc":{"start":{"line":23,"column":28},"end":{"line":23,"column":52}},"type":"cond-expr","locations":[{"start":{"line":23,"column":44},"end":{"line":23,"column":48}},{"start":{"line":23,"column":51},"end":{"line":23,"column":52}}],"line":23},"1":{"loc":{"start":{"line":26,"column":31},"end":{"line":26,"column":54}},"type":"cond-expr","locations":[{"start":{"line":26,"column":47},"end":{"line":26,"column":50}},{"start":{"line":26,"column":53},"end":{"line":26,"column":54}}],"line":26}},"s":{"0":0,"1":0,"2":0,"3":0,"4":0,"5":0,"6":0,"7":0},"f":{"0":0,"1":0,"2":0,"3":0},"b":{"0":[0,0],"1":[0,0]}}
,"/Users/charlyflow/programing/04-pictogramas-app/picto-app/app/_layout.tsx": {"path":"/Users/charlyflow/programing/04-pictogramas-app/picto-app/app/_layout.tsx","statementMap":{"0":{"start":{"line":12,"column":0},"end":{"line":12,"column":36}},"1":{"start":{"line":14,"column":19},"end":{"line":44,"column":1}},"2":{"start":{"line":15,"column":31},"end":{"line":20,"column":4}},"3":{"start":{"line":22,"column":2},"end":{"line":25,"column":27}},"4":{"start":{"line":23,"column":4},"end":{"line":23,"column":27}},"5":{"start":{"line":23,"column":15},"end":{"line":23,"column":27}},"6":{"start":{"line":24,"column":4},"end":{"line":24,"column":46}},"7":{"start":{"line":24,"column":21},"end":{"line":24,"column":46}},"8":{"start":{"line":27,"column":22},"end":{"line":27,"column":39}},"9":{"start":{"line":29,"column":2},"end":{"line":43,"column":4}}},"fnMap":{"0":{"name":"(anonymous_0)","decl":{"start":{"line":14,"column":19},"end":{"line":14,"column":20}},"loc":{"start":{"line":14,"column":25},"end":{"line":44,"column":1}},"line":14},"1":{"name":"(anonymous_1)","decl":{"start":{"line":22,"column":12},"end":{"line":22,"column":13}},"loc":{"start":{"line":22,"column":18},"end":{"line":25,"column":3}},"line":22}},"branchMap":{"0":{"loc":{"start":{"line":23,"column":4},"end":{"line":23,"column":27}},"type":"if","locations":[{"start":{"line":23,"column":4},"end":{"line":23,"column":27}},{"start":{},"end":{}}],"line":23},"1":{"loc":{"start":{"line":24,"column":4},"end":{"line":24,"column":46}},"type":"if","locations":[{"start":{"line":24,"column":4},"end":{"line":24,"column":46}},{"start":{},"end":{}}],"line":24}},"s":{"0":0,"1":0,"2":0,"3":0,"4":0,"5":0,"6":0,"7":0,"8":0,"9":0},"f":{"0":0,"1":0},"b":{"0":[0,0],"1":[0,0]}}
,"/Users/charlyflow/programing/04-pictogramas-app/picto-app/app/index.tsx": {"path":"/Users/charlyflow/programing/04-pictogramas-app/picto-app/app/index.tsx","statementMap":{"0":{"start":{"line":3,"column":17},"end":{"line":9,"column":1}},"1":{"start":{"line":4,"column":2},"end":{"line":8,"column":4}}},"fnMap":{"0":{"name":"(anonymous_0)","decl":{"start":{"line":3,"column":17},"end":{"line":3,"column":18}},"loc":{"start":{"line":3,"column":23},"end":{"line":9,"column":1}},"line":3}},"branchMap":{},"s":{"0":0,"1":0},"f":{"0":0},"b":{}}
,"/Users/charlyflow/programing/04-pictogramas-app/picto-app/app/(auth)/_layout.tsx": {"path":"/Users/charlyflow/programing/04-pictogramas-app/picto-app/app/(auth)/_layout.tsx","statementMap":{"0":{"start":{"line":3,"column":16},"end":{"line":5,"column":1}},"1":{"start":{"line":4,"column":2},"end":{"line":4,"column":58}}},"fnMap":{"0":{"name":"(anonymous_0)","decl":{"start":{"line":3,"column":16},"end":{"line":3,"column":17}},"loc":{"start":{"line":3,"column":22},"end":{"line":5,"column":1}},"line":3}},"branchMap":{},"s":{"0":0,"1":0},"f":{"0":0},"b":{}}
,"/Users/charlyflow/programing/04-pictogramas-app/picto-app/app/(auth)/login/index.tsx": {"path":"/Users/charlyflow/programing/04-pictogramas-app/picto-app/app/(auth)/login/index.tsx","statementMap":{"0":{"start":{"line":3,"column":14},"end":{"line":5,"column":1}},"1":{"start":{"line":4,"column":2},"end":{"line":4,"column":25}}},"fnMap":{"0":{"name":"(anonymous_0)","decl":{"start":{"line":3,"column":14},"end":{"line":3,"column":15}},"loc":{"start":{"line":3,"column":20},"end":{"line":5,"column":1}},"line":3}},"branchMap":{},"s":{"0":0,"1":0},"f":{"0":0},"b":{}}
,"/Users/charlyflow/programing/04-pictogramas-app/picto-app/app/(auth)/register/index.tsx": {"path":"/Users/charlyflow/programing/04-pictogramas-app/picto-app/app/(auth)/register/index.tsx","statementMap":{"0":{"start":{"line":4,"column":14},"end":{"line":6,"column":1}},"1":{"start":{"line":5,"column":2},"end":{"line":5,"column":22}}},"fnMap":{"0":{"name":"(anonymous_0)","decl":{"start":{"line":4,"column":14},"end":{"line":4,"column":15}},"loc":{"start":{"line":4,"column":20},"end":{"line":6,"column":1}},"line":4}},"branchMap":{},"s":{"0":0,"1":0},"f":{"0":0},"b":{}}
,"/Users/charlyflow/programing/04-pictogramas-app/picto-app/app/(innerApp)/_layout.tsx": {"path":"/Users/charlyflow/programing/04-pictogramas-app/picto-app/app/(innerApp)/_layout.tsx","statementMap":{"0":{"start":{"line":15,"column":15},"end":{"line":164,"column":1}},"1":{"start":{"line":16,"column":28},"end":{"line":16,"column":51}},"2":{"start":{"line":17,"column":36},"end":{"line":17,"column":60}},"3":{"start":{"line":18,"column":36},"end":{"line":18,"column":60}},"4":{"start":{"line":20,"column":28},"end":{"line":20,"column":49}},"5":{"start":{"line":21,"column":15},"end":{"line":21,"column":28}},"6":{"start":{"line":23,"column":22},"end":{"line":23,"column":42}},"7":{"start":{"line":24,"column":25},"end":{"line":24,"column":37}},"8":{"start":{"line":26,"column":22},"end":{"line":26,"column":42}},"9":{"start":{"line":27,"column":25},"end":{"line":27,"column":37}},"10":{"start":{"line":29,"column":25},"end":{"line":29,"column":39}},"11":{"start":{"line":31,"column":2},"end":{"line":37,"column":19}},"12":{"start":{"line":32,"column":4},"end":{"line":36,"column":5}},"13":{"start":{"line":33,"column":6},"end":{"line":33,"column":33}},"14":{"start":{"line":35,"column":6},"end":{"line":35,"column":31}},"15":{"start":{"line":39,"column":2},"end":{"line":50,"column":13}},"16":{"start":{"line":40,"column":4},"end":{"line":44,"column":5}},"17":{"start":{"line":41,"column":6},"end":{"line":41,"column":27}},"18":{"start":{"line":42,"column":6},"end":{"line":42,"column":25}},"19":{"start":{"line":43,"column":6},"end":{"line":43,"column":26}},"20":{"start":{"line":45,"column":4},"end":{"line":49,"column":5}},"21":{"start":{"line":46,"column":6},"end":{"line":46,"column":27}},"22":{"start":{"line":47,"column":6},"end":{"line":47,"column":26}},"23":{"start":{"line":48,"column":6},"end":{"line":48,"column":25}},"24":{"start":{"line":52,"column":33},"end":{"line":56,"column":4}},"25":{"start":{"line":58,"column":28},"end":{"line":58,"column":72}},"26":{"start":{"line":59,"column":2},"end":{"line":163,"column":4}},"27":{"start":{"line":85,"column":27},"end":{"line":85,"column":48}},"28":{"start":{"line":96,"column":27},"end":{"line":96,"column":48}},"29":{"start":{"line":107,"column":27},"end":{"line":107,"column":48}}},"fnMap":{"0":{"name":"(anonymous_0)","decl":{"start":{"line":15,"column":15},"end":{"line":15,"column":16}},"loc":{"start":{"line":15,"column":21},"end":{"line":164,"column":1}},"line":15},"1":{"name":"(anonymous_1)","decl":{"start":{"line":31,"column":12},"end":{"line":31,"column":13}},"loc":{"start":{"line":31,"column":18},"end":{"line":37,"column":3}},"line":31},"2":{"name":"(anonymous_2)","decl":{"start":{"line":39,"column":12},"end":{"line":39,"column":13}},"loc":{"start":{"line":39,"column":18},"end":{"line":50,"column":3}},"line":39},"3":{"name":"(anonymous_3)","decl":{"start":{"line":85,"column":21},"end":{"line":85,"column":22}},"loc":{"start":{"line":85,"column":27},"end":{"line":85,"column":48}},"line":85},"4":{"name":"(anonymous_4)","decl":{"start":{"line":96,"column":21},"end":{"line":96,"column":22}},"loc":{"start":{"line":96,"column":27},"end":{"line":96,"column":48}},"line":96},"5":{"name":"(anonymous_5)","decl":{"start":{"line":107,"column":21},"end":{"line":107,"column":22}},"loc":{"start":{"line":107,"column":27},"end":{"line":107,"column":48}},"line":107}},"branchMap":{"0":{"loc":{"start":{"line":32,"column":4},"end":{"line":36,"column":5}},"type":"if","locations":[{"start":{"line":32,"column":4},"end":{"line":36,"column":5}},{"start":{"line":34,"column":11},"end":{"line":36,"column":5}}],"line":32},"1":{"loc":{"start":{"line":40,"column":4},"end":{"line":44,"column":5}},"type":"if","locations":[{"start":{"line":40,"column":4},"end":{"line":44,"column":5}},{"start":{},"end":{}}],"line":40},"2":{"loc":{"start":{"line":45,"column":4},"end":{"line":49,"column":5}},"type":"if","locations":[{"start":{"line":45,"column":4},"end":{"line":49,"column":5}},{"start":{},"end":{}}],"line":45},"3":{"loc":{"start":{"line":66,"column":23},"end":{"line":66,"column":58}},"type":"cond-expr","locations":[{"start":{"line":66,"column":50},"end":{"line":66,"column":51}},{"start":{"line":66,"column":54},"end":{"line":66,"column":58}}],"line":66},"4":{"loc":{"start":{"line":66,"column":23},"end":{"line":66,"column":47}},"type":"binary-expr","locations":[{"start":{"line":66,"column":23},"end":{"line":66,"column":33}},{"start":{"line":66,"column":37},"end":{"line":66,"column":47}}],"line":66},"5":{"loc":{"start":{"line":128,"column":21},"end":{"line":128,"column":55}},"type":"cond-expr","locations":[{"start":{"line":128,"column":48},"end":{"line":128,"column":49}},{"start":{"line":128,"column":52},"end":{"line":128,"column":55}}],"line":128},"6":{"loc":{"start":{"line":128,"column":21},"end":{"line":128,"column":45}},"type":"binary-expr","locations":[{"start":{"line":128,"column":21},"end":{"line":128,"column":31}},{"start":{"line":128,"column":35},"end":{"line":128,"column":45}}],"line":128},"7":{"loc":{"start":{"line":140,"column":21},"end":{"line":140,"column":56}},"type":"cond-expr","locations":[{"start":{"line":140,"column":48},"end":{"line":140,"column":49}},{"start":{"line":140,"column":52},"end":{"line":140,"column":56}}],"line":140},"8":{"loc":{"start":{"line":140,"column":21},"end":{"line":140,"column":45}},"type":"binary-expr","locations":[{"start":{"line":140,"column":21},"end":{"line":140,"column":31}},{"start":{"line":140,"column":35},"end":{"line":140,"column":45}}],"line":140},"9":{"loc":{"start":{"line":153,"column":19},"end":{"line":153,"column":54}},"type":"cond-expr","locations":[{"start":{"line":153,"column":46},"end":{"line":153,"column":47}},{"start":{"line":153,"column":50},"end":{"line":153,"column":54}}],"line":153},"10":{"loc":{"start":{"line":153,"column":19},"end":{"line":153,"column":43}},"type":"binary-expr","locations":[{"start":{"line":153,"column":19},"end":{"line":153,"column":29}},{"start":{"line":153,"column":33},"end":{"line":153,"column":43}}],"line":153}},"s":{"0":0,"1":0,"2":0,"3":0,"4":0,"5":0,"6":0,"7":0,"8":0,"9":0,"10":0,"11":0,"12":0,"13":0,"14":0,"15":0,"16":0,"17":0,"18":0,"19":0,"20":0,"21":0,"22":0,"23":0,"24":0,"25":0,"26":0,"27":0,"28":0,"29":0},"f":{"0":0,"1":0,"2":0,"3":0,"4":0,"5":0},"b":{"0":[0,0],"1":[0,0],"2":[0,0],"3":[0,0],"4":[0,0],"5":[0,0],"6":[0,0],"7":[0,0],"8":[0,0],"9":[0,0],"10":[0,0]}}
,"/Users/charlyflow/programing/04-pictogramas-app/picto-app/app/(innerApp)/(dashboard)/_layout.tsx": {"path":"/Users/charlyflow/programing/04-pictogramas-app/picto-app/app/(innerApp)/(dashboard)/_layout.tsx","statementMap":{"0":{"start":{"line":4,"column":20},"end":{"line":6,"column":1}},"1":{"start":{"line":5,"column":2},"end":{"line":5,"column":58}}},"fnMap":{"0":{"name":"(anonymous_0)","decl":{"start":{"line":4,"column":20},"end":{"line":4,"column":21}},"loc":{"start":{"line":4,"column":26},"end":{"line":6,"column":1}},"line":4}},"branchMap":{},"s":{"0":0,"1":0},"f":{"0":0},"b":{}}
,"/Users/charlyflow/programing/04-pictogramas-app/picto-app/app/(innerApp)/(dashboard)/calendar/index.tsx": {"path":"/Users/charlyflow/programing/04-pictogramas-app/picto-app/app/(innerApp)/(dashboard)/calendar/index.tsx","statementMap":{"0":{"start":{"line":4,"column":14},"end":{"line":6,"column":1}},"1":{"start":{"line":5,"column":2},"end":{"line":5,"column":28}}},"fnMap":{"0":{"name":"(anonymous_0)","decl":{"start":{"line":4,"column":14},"end":{"line":4,"column":15}},"loc":{"start":{"line":4,"column":20},"end":{"line":6,"column":1}},"line":4}},"branchMap":{},"s":{"0":0,"1":0},"f":{"0":0},"b":{}}
,"/Users/charlyflow/programing/04-pictogramas-app/picto-app/app/(innerApp)/(dashboard)/create_articles/index.tsx": {"path":"/Users/charlyflow/programing/04-pictogramas-app/picto-app/app/(innerApp)/(dashboard)/create_articles/index.tsx","statementMap":{"0":{"start":{"line":3,"column":14},"end":{"line":5,"column":1}},"1":{"start":{"line":4,"column":2},"end":{"line":4,"column":34}}},"fnMap":{"0":{"name":"(anonymous_0)","decl":{"start":{"line":3,"column":14},"end":{"line":3,"column":15}},"loc":{"start":{"line":3,"column":20},"end":{"line":5,"column":1}},"line":3}},"branchMap":{},"s":{"0":0,"1":0},"f":{"0":0},"b":{}}
,"/Users/charlyflow/programing/04-pictogramas-app/picto-app/app/(innerApp)/(dashboard)/myphotos/index.tsx": {"path":"/Users/charlyflow/programing/04-pictogramas-app/picto-app/app/(innerApp)/(dashboard)/myphotos/index.tsx","statementMap":{"0":{"start":{"line":4,"column":17},"end":{"line":11,"column":1}},"1":{"start":{"line":5,"column":2},"end":{"line":10,"column":4}}},"fnMap":{"0":{"name":"(anonymous_0)","decl":{"start":{"line":4,"column":17},"end":{"line":4,"column":18}},"loc":{"start":{"line":4,"column":23},"end":{"line":11,"column":1}},"line":4}},"branchMap":{},"s":{"0":0,"1":0},"f":{"0":0},"b":{}}
,"/Users/charlyflow/programing/04-pictogramas-app/picto-app/app/(innerApp)/(dashboard)/personal/index.tsx": {"path":"/Users/charlyflow/programing/04-pictogramas-app/picto-app/app/(innerApp)/(dashboard)/personal/index.tsx","statementMap":{"0":{"start":{"line":4,"column":17},"end":{"line":11,"column":1}},"1":{"start":{"line":5,"column":2},"end":{"line":10,"column":4}}},"fnMap":{"0":{"name":"(anonymous_0)","decl":{"start":{"line":4,"column":17},"end":{"line":4,"column":18}},"loc":{"start":{"line":4,"column":23},"end":{"line":11,"column":1}},"line":4}},"branchMap":{},"s":{"0":0,"1":0},"f":{"0":0},"b":{}}
,"/Users/charlyflow/programing/04-pictogramas-app/picto-app/app/(innerApp)/(dashboard)/profile/index.tsx": {"path":"/Users/charlyflow/programing/04-pictogramas-app/picto-app/app/(innerApp)/(dashboard)/profile/index.tsx","statementMap":{"0":{"start":{"line":4,"column":16},"end":{"line":11,"column":1}},"1":{"start":{"line":5,"column":2},"end":{"line":10,"column":4}}},"fnMap":{"0":{"name":"(anonymous_0)","decl":{"start":{"line":4,"column":16},"end":{"line":4,"column":17}},"loc":{"start":{"line":4,"column":22},"end":{"line":11,"column":1}},"line":4}},"branchMap":{},"s":{"0":0,"1":0},"f":{"0":0},"b":{}}
,"/Users/charlyflow/programing/04-pictogramas-app/picto-app/app/(innerApp)/(dashboard)/schedules/index.tsx": {"path":"/Users/charlyflow/programing/04-pictogramas-app/picto-app/app/(innerApp)/(dashboard)/schedules/index.tsx","statementMap":{"0":{"start":{"line":4,"column":16},"end":{"line":11,"column":1}},"1":{"start":{"line":5,"column":2},"end":{"line":10,"column":4}}},"fnMap":{"0":{"name":"(anonymous_0)","decl":{"start":{"line":4,"column":16},"end":{"line":4,"column":17}},"loc":{"start":{"line":4,"column":22},"end":{"line":11,"column":1}},"line":4}},"branchMap":{},"s":{"0":0,"1":0},"f":{"0":0},"b":{}}
,"/Users/charlyflow/programing/04-pictogramas-app/picto-app/app/(innerApp)/articles/index.tsx": {"path":"/Users/charlyflow/programing/04-pictogramas-app/picto-app/app/(innerApp)/articles/index.tsx","statementMap":{"0":{"start":{"line":3,"column":17},"end":{"line":5,"column":1}},"1":{"start":{"line":4,"column":2},"end":{"line":4,"column":26}}},"fnMap":{"0":{"name":"(anonymous_0)","decl":{"start":{"line":3,"column":17},"end":{"line":3,"column":18}},"loc":{"start":{"line":3,"column":23},"end":{"line":5,"column":1}},"line":3}},"branchMap":{},"s":{"0":0,"1":0},"f":{"0":0},"b":{}}
,"/Users/charlyflow/programing/04-pictogramas-app/picto-app/app/(innerApp)/horario/index.tsx": {"path":"/Users/charlyflow/programing/04-pictogramas-app/picto-app/app/(innerApp)/horario/index.tsx","statementMap":{"0":{"start":{"line":3,"column":16},"end":{"line":5,"column":1}},"1":{"start":{"line":4,"column":2},"end":{"line":4,"column":27}}},"fnMap":{"0":{"name":"(anonymous_0)","decl":{"start":{"line":3,"column":16},"end":{"line":3,"column":17}},"loc":{"start":{"line":3,"column":22},"end":{"line":5,"column":1}},"line":3}},"branchMap":{},"s":{"0":0,"1":0},"f":{"0":0},"b":{}}
,"/Users/charlyflow/programing/04-pictogramas-app/picto-app/app/camara/_layout.tsx": {"path":"/Users/charlyflow/programing/04-pictogramas-app/picto-app/app/camara/_layout.tsx","statementMap":{"0":{"start":{"line":3,"column":16},"end":{"line":5,"column":1}},"1":{"start":{"line":4,"column":2},"end":{"line":4,"column":58}}},"fnMap":{"0":{"name":"(anonymous_0)","decl":{"start":{"line":3,"column":16},"end":{"line":3,"column":17}},"loc":{"start":{"line":3,"column":22},"end":{"line":5,"column":1}},"line":3}},"branchMap":{},"s":{"0":0,"1":0},"f":{"0":0},"b":{}}
,"/Users/charlyflow/programing/04-pictogramas-app/picto-app/app/camara/index.tsx": {"path":"/Users/charlyflow/programing/04-pictogramas-app/picto-app/app/camara/index.tsx","statementMap":{"0":{"start":{"line":3,"column":16},"end":{"line":5,"column":1}},"1":{"start":{"line":4,"column":2},"end":{"line":4,"column":26}}},"fnMap":{"0":{"name":"(anonymous_0)","decl":{"start":{"line":3,"column":16},"end":{"line":3,"column":17}},"loc":{"start":{"line":3,"column":22},"end":{"line":5,"column":1}},"line":3}},"branchMap":{},"s":{"0":0,"1":0},"f":{"0":0},"b":{}}
,"/Users/charlyflow/programing/04-pictogramas-app/picto-app/common/animations/useTabBar.ts": {"path":"/Users/charlyflow/programing/04-pictogramas-app/picto-app/common/animations/useTabBar.ts","statementMap":{"0":{"start":{"line":14,"column":34},"end":{"line":33,"column":1}},"1":{"start":{"line":15,"column":20},"end":{"line":15,"column":41}},"2":{"start":{"line":16,"column":20},"end":{"line":16,"column":48}},"3":{"start":{"line":18,"column":2},"end":{"line":26,"column":47}},"4":{"start":{"line":19,"column":4},"end":{"line":25,"column":5}},"5":{"start":{"line":20,"column":6},"end":{"line":20,"column":69}},"6":{"start":{"line":21,"column":11},"end":{"line":25,"column":5}},"7":{"start":{"line":22,"column":6},"end":{"line":22,"column":68}},"8":{"start":{"line":24,"column":6},"end":{"line":24,"column":69}},"9":{"start":{"line":28,"column":24},"end":{"line":30,"column":5}},"10":{"start":{"line":28,"column":48},"end":{"line":30,"column":3}},"11":{"start":{"line":32,"column":2},"end":{"line":32,"column":27}}},"fnMap":{"0":{"name":"(anonymous_0)","decl":{"start":{"line":14,"column":34},"end":{"line":14,"column":35}},"loc":{"start":{"line":14,"column":71},"end":{"line":33,"column":1}},"line":14},"1":{"name":"(anonymous_1)","decl":{"start":{"line":18,"column":12},"end":{"line":18,"column":13}},"loc":{"start":{"line":18,"column":18},"end":{"line":26,"column":3}},"line":18},"2":{"name":"(anonymous_2)","decl":{"start":{"line":28,"column":41},"end":{"line":28,"column":42}},"loc":{"start":{"line":28,"column":48},"end":{"line":30,"column":3}},"line":28}},"branchMap":{"0":{"loc":{"start":{"line":19,"column":4},"end":{"line":25,"column":5}},"type":"if","locations":[{"start":{"line":19,"column":4},"end":{"line":25,"column":5}},{"start":{"line":21,"column":11},"end":{"line":25,"column":5}}],"line":19},"1":{"loc":{"start":{"line":21,"column":11},"end":{"line":25,"column":5}},"type":"if","locations":[{"start":{"line":21,"column":11},"end":{"line":25,"column":5}},{"start":{"line":23,"column":11},"end":{"line":25,"column":5}}],"line":21}},"s":{"0":0,"1":0,"2":0,"3":0,"4":0,"5":0,"6":0,"7":0,"8":0,"9":0,"10":0,"11":0},"f":{"0":0,"1":0,"2":0},"b":{"0":[0,0],"1":[0,0]}}
,"/Users/charlyflow/programing/04-pictogramas-app/picto-app/common/components/Backbutton.tsx": {"path":"/Users/charlyflow/programing/04-pictogramas-app/picto-app/common/components/Backbutton.tsx","statementMap":{"0":{"start":{"line":13,"column":19},"end":{"line":28,"column":1}},"1":{"start":{"line":14,"column":39},"end":{"line":14,"column":55}},"2":{"start":{"line":16,"column":2},"end":{"line":27,"column":4}}},"fnMap":{"0":{"name":"(anonymous_0)","decl":{"start":{"line":13,"column":19},"end":{"line":13,"column":20}},"loc":{"start":{"line":13,"column":74},"end":{"line":28,"column":1}},"line":13}},"branchMap":{"0":{"loc":{"start":{"line":13,"column":41},"end":{"line":13,"column":60}},"type":"default-arg","locations":[{"start":{"line":13,"column":48},"end":{"line":13,"column":60}}],"line":13}},"s":{"0":0,"1":0,"2":0},"f":{"0":0},"b":{"0":[0]}}
,"/Users/charlyflow/programing/04-pictogramas-app/picto-app/common/components/BlurComponent.tsx": {"path":"/Users/charlyflow/programing/04-pictogramas-app/picto-app/common/components/BlurComponent.tsx","statementMap":{"0":{"start":{"line":6,"column":22},"end":{"line":21,"column":1}},"1":{"start":{"line":7,"column":2},"end":{"line":20,"column":4}}},"fnMap":{"0":{"name":"(anonymous_0)","decl":{"start":{"line":6,"column":22},"end":{"line":6,"column":23}},"loc":{"start":{"line":6,"column":28},"end":{"line":21,"column":1}},"line":6}},"branchMap":{},"s":{"0":0,"1":0},"f":{"0":0},"b":{}}
,"/Users/charlyflow/programing/04-pictogramas-app/picto-app/common/components/PopUp.tsx": {"path":"/Users/charlyflow/programing/04-pictogramas-app/picto-app/common/components/PopUp.tsx","statementMap":{"0":{"start":{"line":14,"column":14},"end":{"line":55,"column":1}},"1":{"start":{"line":20,"column":28},"end":{"line":20,"column":49}},"2":{"start":{"line":22,"column":2},"end":{"line":54,"column":4}}},"fnMap":{"0":{"name":"(anonymous_0)","decl":{"start":{"line":14,"column":14},"end":{"line":14,"column":15}},"loc":{"start":{"line":19,"column":13},"end":{"line":55,"column":1}},"line":19}},"branchMap":{"0":{"loc":{"start":{"line":16,"column":2},"end":{"line":16,"column":19}},"type":"default-arg","locations":[{"start":{"line":16,"column":15},"end":{"line":16,"column":19}}],"line":16},"1":{"loc":{"start":{"line":18,"column":2},"end":{"line":18,"column":17}},"type":"default-arg","locations":[{"start":{"line":18,"column":12},"end":{"line":18,"column":17}}],"line":18},"2":{"loc":{"start":{"line":31,"column":7},"end":{"line":43,"column":7}},"type":"cond-expr","locations":[{"start":{"line":32,"column":8},"end":{"line":36,"column":10}},{"start":{"line":38,"column":8},"end":{"line":42,"column":10}}],"line":31}},"s":{"0":0,"1":0,"2":0},"f":{"0":0},"b":{"0":[0],"1":[0],"2":[0,0]}}
,"/Users/charlyflow/programing/04-pictogramas-app/picto-app/common/components/PrimaryButton.tsx": {"path":"/Users/charlyflow/programing/04-pictogramas-app/picto-app/common/components/PrimaryButton.tsx","statementMap":{"0":{"start":{"line":15,"column":22},"end":{"line":43,"column":1}},"1":{"start":{"line":23,"column":20},"end":{"line":23,"column":41}},"2":{"start":{"line":25,"column":2},"end":{"line":42,"column":4}},"3":{"start":{"line":47,"column":15},"end":{"line":58,"column":2}}},"fnMap":{"0":{"name":"(anonymous_0)","decl":{"start":{"line":15,"column":22},"end":{"line":15,"column":23}},"loc":{"start":{"line":22,"column":13},"end":{"line":43,"column":1}},"line":22}},"branchMap":{"0":{"loc":{"start":{"line":39,"column":9},"end":{"line":39,"column":68}},"type":"binary-expr","locations":[{"start":{"line":39,"column":9},"end":{"line":39,"column":13}},{"start":{"line":39,"column":17},"end":{"line":39,"column":68}}],"line":39}},"s":{"0":0,"1":0,"2":0,"3":0},"f":{"0":0},"b":{"0":[0,0]}}
,"/Users/charlyflow/programing/04-pictogramas-app/picto-app/common/components/SessionExpired.tsx": {"path":"/Users/charlyflow/programing/04-pictogramas-app/picto-app/common/components/SessionExpired.tsx","statementMap":{"0":{"start":{"line":6,"column":23},"end":{"line":23,"column":1}},"1":{"start":{"line":7,"column":21},"end":{"line":7,"column":35}},"2":{"start":{"line":9,"column":25},"end":{"line":11,"column":3}},"3":{"start":{"line":10,"column":4},"end":{"line":10,"column":13}},"4":{"start":{"line":13,"column":2},"end":{"line":22,"column":4}}},"fnMap":{"0":{"name":"(anonymous_0)","decl":{"start":{"line":6,"column":23},"end":{"line":6,"column":24}},"loc":{"start":{"line":6,"column":29},"end":{"line":23,"column":1}},"line":6},"1":{"name":"(anonymous_1)","decl":{"start":{"line":9,"column":25},"end":{"line":9,"column":26}},"loc":{"start":{"line":9,"column":31},"end":{"line":11,"column":3}},"line":9}},"branchMap":{},"s":{"0":0,"1":0,"2":0,"3":0,"4":0},"f":{"0":0,"1":0},"b":{}}
,"/Users/charlyflow/programing/04-pictogramas-app/picto-app/common/components/loading.tsx": {"path":"/Users/charlyflow/programing/04-pictogramas-app/picto-app/common/components/loading.tsx","statementMap":{"0":{"start":{"line":5,"column":16},"end":{"line":18,"column":1}},"1":{"start":{"line":6,"column":20},"end":{"line":6,"column":41}},"2":{"start":{"line":8,"column":2},"end":{"line":17,"column":4}}},"fnMap":{"0":{"name":"(anonymous_0)","decl":{"start":{"line":5,"column":16},"end":{"line":5,"column":17}},"loc":{"start":{"line":5,"column":22},"end":{"line":18,"column":1}},"line":5}},"branchMap":{},"s":{"0":0,"1":0,"2":0},"f":{"0":0},"b":{}}
,"/Users/charlyflow/programing/04-pictogramas-app/picto-app/common/hooks/usetabBarBehaviour.ts": {"path":"/Users/charlyflow/programing/04-pictogramas-app/picto-app/common/hooks/usetabBarBehaviour.ts","statementMap":{"0":{"start":{"line":7,"column":34},"end":{"line":32,"column":1}},"1":{"start":{"line":12,"column":29},"end":{"line":29,"column":3}},"2":{"start":{"line":13,"column":4},"end":{"line":18,"column":5}},"3":{"start":{"line":14,"column":6},"end":{"line":14,"column":27}},"4":{"start":{"line":15,"column":6},"end":{"line":15,"column":26}},"5":{"start":{"line":16,"column":6},"end":{"line":16,"column":25}},"6":{"start":{"line":17,"column":6},"end":{"line":17,"column":13}},"7":{"start":{"line":19,"column":4},"end":{"line":24,"column":5}},"8":{"start":{"line":20,"column":6},"end":{"line":20,"column":27}},"9":{"start":{"line":21,"column":6},"end":{"line":21,"column":25}},"10":{"start":{"line":22,"column":6},"end":{"line":22,"column":26}},"11":{"start":{"line":23,"column":6},"end":{"line":23,"column":13}},"12":{"start":{"line":26,"column":4},"end":{"line":26,"column":24}},"13":{"start":{"line":27,"column":4},"end":{"line":27,"column":24}},"14":{"start":{"line":28,"column":4},"end":{"line":28,"column":24}},"15":{"start":{"line":31,"column":2},"end":{"line":31,"column":32}}},"fnMap":{"0":{"name":"(anonymous_0)","decl":{"start":{"line":7,"column":34},"end":{"line":7,"column":35}},"loc":{"start":{"line":11,"column":13},"end":{"line":32,"column":1}},"line":11},"1":{"name":"(anonymous_1)","decl":{"start":{"line":12,"column":29},"end":{"line":12,"column":30}},"loc":{"start":{"line":12,"column":47},"end":{"line":29,"column":3}},"line":12}},"branchMap":{"0":{"loc":{"start":{"line":13,"column":4},"end":{"line":18,"column":5}},"type":"if","locations":[{"start":{"line":13,"column":4},"end":{"line":18,"column":5}},{"start":{},"end":{}}],"line":13},"1":{"loc":{"start":{"line":19,"column":4},"end":{"line":24,"column":5}},"type":"if","locations":[{"start":{"line":19,"column":4},"end":{"line":24,"column":5}},{"start":{},"end":{}}],"line":19}},"s":{"0":0,"1":0,"2":0,"3":0,"4":0,"5":0,"6":0,"7":0,"8":0,"9":0,"10":0,"11":0,"12":0,"13":0,"14":0,"15":0},"f":{"0":0,"1":0},"b":{"0":[0,0],"1":[0,0]}}
,"/Users/charlyflow/programing/04-pictogramas-app/picto-app/common/services/axios-getPictoByWord.ts": {"path":"/Users/charlyflow/programing/04-pictogramas-app/picto-app/common/services/axios-getPictoByWord.ts","statementMap":{"0":{"start":{"line":5,"column":29},"end":{"line":15,"column":1}},"1":{"start":{"line":6,"column":2},"end":{"line":14,"column":3}},"2":{"start":{"line":7,"column":21},"end":{"line":7,"column":63}},"3":{"start":{"line":9,"column":19},"end":{"line":9,"column":55}},"4":{"start":{"line":11,"column":4},"end":{"line":11,"column":21}},"5":{"start":{"line":13,"column":4},"end":{"line":13,"column":16}}},"fnMap":{"0":{"name":"(anonymous_0)","decl":{"start":{"line":5,"column":29},"end":{"line":5,"column":30}},"loc":{"start":{"line":5,"column":74},"end":{"line":15,"column":1}},"line":5}},"branchMap":{},"s":{"0":0,"1":0,"2":0,"3":0,"4":0,"5":0},"f":{"0":0},"b":{}}
,"/Users/charlyflow/programing/04-pictogramas-app/picto-app/config/api-arasaac/api-arassac.config.ts": {"path":"/Users/charlyflow/programing/04-pictogramas-app/picto-app/config/api-arasaac/api-arassac.config.ts","statementMap":{"0":{"start":{"line":3,"column":26},"end":{"line":5,"column":2}}},"fnMap":{},"branchMap":{},"s":{"0":0},"f":{},"b":{}}
,"/Users/charlyflow/programing/04-pictogramas-app/picto-app/config/api-picto/api-picto.config.ts": {"path":"/Users/charlyflow/programing/04-pictogramas-app/picto-app/config/api-picto/api-picto.config.ts","statementMap":{"0":{"start":{"line":3,"column":24},"end":{"line":5,"column":2}}},"fnMap":{},"branchMap":{},"s":{"0":0},"f":{},"b":{}}
,"/Users/charlyflow/programing/04-pictogramas-app/picto-app/constants/global-constatnt.ts": {"path":"/Users/charlyflow/programing/04-pictogramas-app/picto-app/constants/global-constatnt.ts","statementMap":{"0":{"start":{"line":1,"column":38},"end":{"line":5,"column":1}},"1":{"start":{"line":7,"column":51},"end":{"line":10,"column":1}},"2":{"start":{"line":12,"column":33},"end":{"line":14,"column":1}},"3":{"start":{"line":16,"column":32},"end":{"line":22,"column":1}},"4":{"start":{"line":24,"column":32},"end":{"line":24,"column":40}}},"fnMap":{},"branchMap":{},"s":{"0":0,"1":0,"2":0,"3":0,"4":0},"f":{},"b":{}}
,"/Users/charlyflow/programing/04-pictogramas-app/picto-app/infrastructure/calendar/interfaces/calendar-response.ts": {"path":"/Users/charlyflow/programing/04-pictogramas-app/picto-app/infrastructure/calendar/interfaces/calendar-response.ts","statementMap":{},"fnMap":{},"branchMap":{},"s":{},"f":{},"b":{}}
,"/Users/charlyflow/programing/04-pictogramas-app/picto-app/infrastructure/calendar/mapper/calendar.mapper.ts": {"path":"/Users/charlyflow/programing/04-pictogramas-app/picto-app/infrastructure/calendar/mapper/calendar.mapper.ts","statementMap":{"0":{"start":{"line":5,"column":24},"end":{"line":16,"column":3}},"1":{"start":{"line":6,"column":4},"end":{"line":6,"column":46}},"2":{"start":{"line":6,"column":36},"end":{"line":6,"column":46}},"3":{"start":{"line":8,"column":25},"end":{"line":8,"column":38}},"4":{"start":{"line":10,"column":4},"end":{"line":15,"column":6}}},"fnMap":{"0":{"name":"(anonymous_0)","decl":{"start":{"line":5,"column":24},"end":{"line":5,"column":25}},"loc":{"start":{"line":5,"column":56},"end":{"line":16,"column":3}},"line":5}},"branchMap":{"0":{"loc":{"start":{"line":6,"column":4},"end":{"line":6,"column":46}},"type":"if","locations":[{"start":{"line":6,"column":4},"end":{"line":6,"column":46}},{"start":{},"end":{}}],"line":6}},"s":{"0":0,"1":0,"2":0,"3":0,"4":0},"f":{"0":0},"b":{"0":[0,0]}}
,"/Users/charlyflow/programing/04-pictogramas-app/picto-app/infrastructure/picto/interfaces/arasaac-response.interface.ts": {"path":"/Users/charlyflow/programing/04-pictogramas-app/picto-app/infrastructure/picto/interfaces/arasaac-response.interface.ts","statementMap":{},"fnMap":{},"branchMap":{},"s":{},"f":{},"b":{}}
,"/Users/charlyflow/programing/04-pictogramas-app/picto-app/infrastructure/picto/interfaces/picto.interface.ts": {"path":"/Users/charlyflow/programing/04-pictogramas-app/picto-app/infrastructure/picto/interfaces/picto.interface.ts","statementMap":{},"fnMap":{},"branchMap":{},"s":{},"f":{},"b":{}}
,"/Users/charlyflow/programing/04-pictogramas-app/picto-app/infrastructure/picto/mapper/picto.mapper.ts": {"path":"/Users/charlyflow/programing/04-pictogramas-app/picto-app/infrastructure/picto/mapper/picto.mapper.ts","statementMap":{"0":{"start":{"line":5,"column":26},"end":{"line":12,"column":3}},"1":{"start":{"line":6,"column":4},"end":{"line":11,"column":6}}},"fnMap":{"0":{"name":"(anonymous_0)","decl":{"start":{"line":5,"column":26},"end":{"line":5,"column":27}},"loc":{"start":{"line":5,"column":70},"end":{"line":12,"column":3}},"line":5}},"branchMap":{},"s":{"0":0,"1":0},"f":{"0":0},"b":{}}
,"/Users/charlyflow/programing/04-pictogramas-app/picto-app/modules/IA/data/ia.response.mock.ts": {"path":"/Users/charlyflow/programing/04-pictogramas-app/picto-app/modules/IA/data/ia.response.mock.ts","statementMap":{"0":{"start":{"line":1,"column":28},"end":{"line":3,"column":1}}},"fnMap":{},"branchMap":{},"s":{"0":0},"f":{},"b":{}}
,"/Users/charlyflow/programing/04-pictogramas-app/picto-app/modules/IA/hooks/usePropmpt.tsx": {"path":"/Users/charlyflow/programing/04-pictogramas-app/picto-app/modules/IA/hooks/usePropmpt.tsx","statementMap":{"0":{"start":{"line":10,"column":25},"end":{"line":56,"column":1}},"1":{"start":{"line":11,"column":36},"end":{"line":11,"column":60}},"2":{"start":{"line":12,"column":34},"end":{"line":12,"column":64}},"3":{"start":{"line":13,"column":34},"end":{"line":13,"column":60}},"4":{"start":{"line":15,"column":28},"end":{"line":15,"column":48}},"5":{"start":{"line":17,"column":20},"end":{"line":17,"column":34}},"6":{"start":{"line":23,"column":6},"end":{"line":23,"column":74}},"7":{"start":{"line":25,"column":19},"end":{"line":41,"column":4}},"8":{"start":{"line":26,"column":4},"end":{"line":26,"column":21}},"9":{"start":{"line":28,"column":4},"end":{"line":40,"column":5}},"10":{"start":{"line":29,"column":6},"end":{"line":29,"column":25}},"11":{"start":{"line":30,"column":18},"end":{"line":30,"column":53}},"12":{"start":{"line":31,"column":21},"end":{"line":33,"column":7}},"13":{"start":{"line":32,"column":40},"end":{"line":32,"column":59}},"14":{"start":{"line":34,"column":6},"end":{"line":34,"column":50}},"15":{"start":{"line":34,"column":28},"end":{"line":34,"column":48}},"16":{"start":{"line":36,"column":6},"end":{"line":36,"column":25}},"17":{"start":{"line":37,"column":6},"end":{"line":37,"column":25}},"18":{"start":{"line":39,"column":6},"end":{"line":39,"column":26}},"19":{"start":{"line":42,"column":2},"end":{"line":55,"column":4}}},"fnMap":{"0":{"name":"(anonymous_0)","decl":{"start":{"line":10,"column":25},"end":{"line":10,"column":26}},"loc":{"start":{"line":10,"column":31},"end":{"line":56,"column":1}},"line":10},"1":{"name":"(anonymous_1)","decl":{"start":{"line":25,"column":32},"end":{"line":25,"column":33}},"loc":{"start":{"line":25,"column":54},"end":{"line":41,"column":3}},"line":25},"2":{"name":"(anonymous_2)","decl":{"start":{"line":32,"column":22},"end":{"line":32,"column":23}},"loc":{"start":{"line":32,"column":40},"end":{"line":32,"column":59}},"line":32},"3":{"name":"(anonymous_3)","decl":{"start":{"line":34,"column":18},"end":{"line":34,"column":19}},"loc":{"start":{"line":34,"column":28},"end":{"line":34,"column":48}},"line":34}},"branchMap":{},"s":{"0":0,"1":0,"2":0,"3":0,"4":0,"5":0,"6":0,"7":0,"8":0,"9":0,"10":0,"11":0,"12":0,"13":0,"14":0,"15":0,"16":0,"17":0,"18":0,"19":0},"f":{"0":0,"1":0,"2":0,"3":0},"b":{}}
,"/Users/charlyflow/programing/04-pictogramas-app/picto-app/modules/IA/schema/PromptSchema.ts": {"path":"/Users/charlyflow/programing/04-pictogramas-app/picto-app/modules/IA/schema/PromptSchema.ts","statementMap":{"0":{"start":{"line":3,"column":28},"end":{"line":8,"column":2}}},"fnMap":{},"branchMap":{},"s":{"0":0},"f":{},"b":{}}
,"/Users/charlyflow/programing/04-pictogramas-app/picto-app/modules/IA/screens/IAScreen.tsx": {"path":"/Users/charlyflow/programing/04-pictogramas-app/picto-app/modules/IA/screens/IAScreen.tsx","statementMap":{"0":{"start":{"line":29,"column":17},"end":{"line":236,"column":1}},"1":{"start":{"line":30,"column":38},"end":{"line":30,"column":66}},"2":{"start":{"line":32,"column":28},"end":{"line":32,"column":49}},"3":{"start":{"line":43,"column":6},"end":{"line":43,"column":17}},"4":{"start":{"line":45,"column":2},"end":{"line":50,"column":39}},"5":{"start":{"line":46,"column":4},"end":{"line":49,"column":5}},"6":{"start":{"line":47,"column":6},"end":{"line":47,"column":20}},"7":{"start":{"line":48,"column":6},"end":{"line":48,"column":22}},"8":{"start":{"line":52,"column":21},"end":{"line":63,"column":3}},"9":{"start":{"line":53,"column":41},"end":{"line":60,"column":7}},"10":{"start":{"line":53,"column":72},"end":{"line":60,"column":5}},"11":{"start":{"line":61,"column":4},"end":{"line":61,"column":42}},"12":{"start":{"line":62,"column":4},"end":{"line":62,"column":31}},"13":{"start":{"line":65,"column":22},"end":{"line":67,"column":3}},"14":{"start":{"line":66,"column":4},"end":{"line":66,"column":22}},"15":{"start":{"line":69,"column":2},"end":{"line":71,"column":3}},"16":{"start":{"line":70,"column":4},"end":{"line":70,"column":23}},"17":{"start":{"line":73,"column":2},"end":{"line":235,"column":4}},"18":{"start":{"line":96,"column":18},"end":{"line":123,"column":25}},"19":{"start":{"line":205,"column":16},"end":{"line":210,"column":32}},"20":{"start":{"line":212,"column":44},"end":{"line":212,"column":75}}},"fnMap":{"0":{"name":"(anonymous_0)","decl":{"start":{"line":29,"column":17},"end":{"line":29,"column":18}},"loc":{"start":{"line":29,"column":49},"end":{"line":236,"column":1}},"line":29},"1":{"name":"(anonymous_1)","decl":{"start":{"line":45,"column":12},"end":{"line":45,"column":13}},"loc":{"start":{"line":45,"column":18},"end":{"line":50,"column":3}},"line":45},"2":{"name":"(anonymous_2)","decl":{"start":{"line":52,"column":21},"end":{"line":52,"column":22}},"loc":{"start":{"line":52,"column":27},"end":{"line":63,"column":3}},"line":52},"3":{"name":"(anonymous_3)","decl":{"start":{"line":53,"column":54},"end":{"line":53,"column":55}},"loc":{"start":{"line":53,"column":72},"end":{"line":60,"column":5}},"line":53},"4":{"name":"(anonymous_4)","decl":{"start":{"line":65,"column":22},"end":{"line":65,"column":23}},"loc":{"start":{"line":65,"column":28},"end":{"line":67,"column":3}},"line":65},"5":{"name":"(anonymous_5)","decl":{"start":{"line":95,"column":24},"end":{"line":95,"column":25}},"loc":{"start":{"line":96,"column":18},"end":{"line":123,"column":25}},"line":96},"6":{"name":"(anonymous_6)","decl":{"start":{"line":204,"column":26},"end":{"line":204,"column":27}},"loc":{"start":{"line":205,"column":16},"end":{"line":210,"column":32}},"line":205},"7":{"name":"(anonymous_7)","decl":{"start":{"line":212,"column":38},"end":{"line":212,"column":39}},"loc":{"start":{"line":212,"column":44},"end":{"line":212,"column":75}},"line":212}},"branchMap":{"0":{"loc":{"start":{"line":46,"column":4},"end":{"line":49,"column":5}},"type":"if","locations":[{"start":{"line":46,"column":4},"end":{"line":49,"column":5}},{"start":{},"end":{}}],"line":46},"1":{"loc":{"start":{"line":57,"column":14},"end":{"line":57,"column":46}},"type":"cond-expr","locations":[{"start":{"line":57,"column":29},"end":{"line":57,"column":36}},{"start":{"line":57,"column":39},"end":{"line":57,"column":46}}],"line":57},"2":{"loc":{"start":{"line":69,"column":2},"end":{"line":71,"column":3}},"type":"if","locations":[{"start":{"line":69,"column":2},"end":{"line":71,"column":3}},{"start":{},"end":{}}],"line":69},"3":{"loc":{"start":{"line":77,"column":18},"end":{"line":77,"column":62}},"type":"cond-expr","locations":[{"start":{"line":77,"column":42},"end":{"line":77,"column":51}},{"start":{"line":77,"column":54},"end":{"line":77,"column":62}}],"line":77},"4":{"loc":{"start":{"line":78,"column":32},"end":{"line":78,"column":62}},"type":"cond-expr","locations":[{"start":{"line":78,"column":56},"end":{"line":78,"column":58}},{"start":{"line":78,"column":61},"end":{"line":78,"column":62}}],"line":78},"5":{"loc":{"start":{"line":80,"column":9},"end":{"line":80,"column":33}},"type":"binary-expr","locations":[{"start":{"line":80,"column":9},"end":{"line":80,"column":18}},{"start":{"line":80,"column":22},"end":{"line":80,"column":33}}],"line":80},"6":{"loc":{"start":{"line":86,"column":20},"end":{"line":86,"column":67}},"type":"cond-expr","locations":[{"start":{"line":86,"column":42},"end":{"line":86,"column":52}},{"start":{"line":86,"column":55},"end":{"line":86,"column":67}}],"line":86},"7":{"loc":{"start":{"line":90,"column":11},"end":{"line":140,"column":11}},"type":"binary-expr","locations":[{"start":{"line":90,"column":11},"end":{"line":90,"column":31}},{"start":{"line":91,"column":12},"end":{"line":139,"column":19}}],"line":90},"8":{"loc":{"start":{"line":112,"column":21},"end":{"line":122,"column":21}},"type":"binary-expr","locations":[{"start":{"line":112,"column":21},"end":{"line":112,"column":34}},{"start":{"line":113,"column":22},"end":{"line":121,"column":38}}],"line":112},"9":{"loc":{"start":{"line":142,"column":11},"end":{"line":154,"column":11}},"type":"binary-expr","locations":[{"start":{"line":142,"column":11},"end":{"line":142,"column":31}},{"start":{"line":143,"column":12},"end":{"line":153,"column":15}}],"line":142},"10":{"loc":{"start":{"line":157,"column":9},"end":{"line":224,"column":9}},"type":"binary-expr","locations":[{"start":{"line":157,"column":9},"end":{"line":157,"column":28}},{"start":{"line":158,"column":10},"end":{"line":223,"column":26}}],"line":157}},"s":{"0":0,"1":0,"2":0,"3":0,"4":0,"5":0,"6":0,"7":0,"8":0,"9":0,"10":0,"11":0,"12":0,"13":0,"14":0,"15":0,"16":0,"17":0,"18":0,"19":0,"20":0},"f":{"0":0,"1":0,"2":0,"3":0,"4":0,"5":0,"6":0,"7":0},"b":{"0":[0,0],"1":[0,0],"2":[0,0],"3":[0,0],"4":[0,0],"5":[0,0],"6":[0,0],"7":[0,0],"8":[0,0],"9":[0,0],"10":[0,0]}}
,"/Users/charlyflow/programing/04-pictogramas-app/picto-app/modules/IA/services/IA.service.ts": {"path":"/Users/charlyflow/programing/04-pictogramas-app/picto-app/modules/IA/services/IA.service.ts","statementMap":{"0":{"start":{"line":3,"column":30},"end":{"line":18,"column":1}},"1":{"start":{"line":4,"column":2},"end":{"line":17,"column":3}},"2":{"start":{"line":5,"column":16},"end":{"line":13,"column":5}},"3":{"start":{"line":14,"column":4},"end":{"line":14,"column":20}},"4":{"start":{"line":16,"column":4},"end":{"line":16,"column":16}}},"fnMap":{"0":{"name":"(anonymous_0)","decl":{"start":{"line":3,"column":30},"end":{"line":3,"column":31}},"loc":{"start":{"line":3,"column":71},"end":{"line":18,"column":1}},"line":3}},"branchMap":{},"s":{"0":0,"1":0,"2":0,"3":0,"4":0},"f":{"0":0},"b":{}}
,"/Users/charlyflow/programing/04-pictogramas-app/picto-app/modules/articles/hooks/useArticles.ts": {"path":"/Users/charlyflow/programing/04-pictogramas-app/picto-app/modules/articles/hooks/useArticles.ts","statementMap":{"0":{"start":{"line":4,"column":27},"end":{"line":14,"column":1}},"1":{"start":{"line":5,"column":30},"end":{"line":9,"column":4}},"2":{"start":{"line":7,"column":19},"end":{"line":7,"column":37}},"3":{"start":{"line":11,"column":2},"end":{"line":13,"column":4}}},"fnMap":{"0":{"name":"(anonymous_0)","decl":{"start":{"line":4,"column":27},"end":{"line":4,"column":28}},"loc":{"start":{"line":4,"column":46},"end":{"line":14,"column":1}},"line":4},"1":{"name":"(anonymous_1)","decl":{"start":{"line":7,"column":13},"end":{"line":7,"column":14}},"loc":{"start":{"line":7,"column":19},"end":{"line":7,"column":37}},"line":7}},"branchMap":{},"s":{"0":0,"1":0,"2":0,"3":0},"f":{"0":0,"1":0},"b":{}}
,"/Users/charlyflow/programing/04-pictogramas-app/picto-app/modules/articles/hooks/useCreateArticle.ts": {"path":"/Users/charlyflow/programing/04-pictogramas-app/picto-app/modules/articles/hooks/useCreateArticle.ts","statementMap":{"0":{"start":{"line":13,"column":25},"end":{"line":63,"column":1}},"1":{"start":{"line":14,"column":36},"end":{"line":14,"column":60}},"2":{"start":{"line":15,"column":30},"end":{"line":15,"column":54}},"3":{"start":{"line":16,"column":28},"end":{"line":16,"column":47}},"4":{"start":{"line":18,"column":20},"end":{"line":18,"column":34}},"5":{"start":{"line":20,"column":34},"end":{"line":20,"column":52}},"6":{"start":{"line":22,"column":30},"end":{"line":41,"column":3}},"7":{"start":{"line":23,"column":23},"end":{"line":26,"column":5}},"8":{"start":{"line":28,"column":4},"end":{"line":28,"column":19}},"9":{"start":{"line":29,"column":4},"end":{"line":29,"column":21}},"10":{"start":{"line":30,"column":4},"end":{"line":30,"column":23}},"11":{"start":{"line":32,"column":4},"end":{"line":40,"column":5}},"12":{"start":{"line":33,"column":6},"end":{"line":33,"column":38}},"13":{"start":{"line":34,"column":6},"end":{"line":34,"column":36}},"14":{"start":{"line":35,"column":6},"end":{"line":35,"column":22}},"15":{"start":{"line":37,"column":6},"end":{"line":37,"column":22}},"16":{"start":{"line":39,"column":6},"end":{"line":39,"column":26}},"17":{"start":{"line":43,"column":19},"end":{"line":46,"column":3}},"18":{"start":{"line":44,"column":27},"end":{"line":44,"column":60}},"19":{"start":{"line":45,"column":4},"end":{"line":45,"column":27}},"20":{"start":{"line":48,"column":28},"end":{"line":51,"column":3}},"21":{"start":{"line":49,"column":4},"end":{"line":49,"column":21}},"22":{"start":{"line":50,"column":4},"end":{"line":50,"column":33}},"23":{"start":{"line":53,"column":2},"end":{"line":62,"column":4}}},"fnMap":{"0":{"name":"(anonymous_0)","decl":{"start":{"line":13,"column":25},"end":{"line":13,"column":26}},"loc":{"start":{"line":13,"column":54},"end":{"line":63,"column":1}},"line":13},"1":{"name":"(anonymous_1)","decl":{"start":{"line":22,"column":30},"end":{"line":22,"column":31}},"loc":{"start":{"line":22,"column":55},"end":{"line":41,"column":3}},"line":22},"2":{"name":"(anonymous_2)","decl":{"start":{"line":43,"column":19},"end":{"line":43,"column":20}},"loc":{"start":{"line":43,"column":31},"end":{"line":46,"column":3}},"line":43},"3":{"name":"(anonymous_3)","decl":{"start":{"line":48,"column":28},"end":{"line":48,"column":29}},"loc":{"start":{"line":48,"column":34},"end":{"line":51,"column":3}},"line":48}},"branchMap":{},"s":{"0":0,"1":0,"2":0,"3":0,"4":0,"5":0,"6":0,"7":0,"8":0,"9":0,"10":0,"11":0,"12":0,"13":0,"14":0,"15":0,"16":0,"17":0,"18":0,"19":0,"20":0,"21":0,"22":0,"23":0},"f":{"0":0,"1":0,"2":0,"3":0},"b":{}}
,"/Users/charlyflow/programing/04-pictogramas-app/picto-app/modules/articles/interfaces/article.interface.ts": {"path":"/Users/charlyflow/programing/04-pictogramas-app/picto-app/modules/articles/interfaces/article.interface.ts","statementMap":{},"fnMap":{},"branchMap":{},"s":{},"f":{},"b":{}}
,"/Users/charlyflow/programing/04-pictogramas-app/picto-app/modules/articles/schema/article.schema.ts": {"path":"/Users/charlyflow/programing/04-pictogramas-app/picto-app/modules/articles/schema/article.schema.ts","statementMap":{"0":{"start":{"line":3,"column":29},"end":{"line":14,"column":2}}},"fnMap":{},"branchMap":{},"s":{"0":1},"f":{},"b":{},"_coverageSchema":"1a1c01bbd47fc00a2c39e90264f33305004495a9","hash":"aaac0763e78cf36d55599b055bddba6e5dce75a5"}
,"/Users/charlyflow/programing/04-pictogramas-app/picto-app/modules/articles/screen/ArticlesList.tsx": {"path":"/Users/charlyflow/programing/04-pictogramas-app/picto-app/modules/articles/screen/ArticlesList.tsx","statementMap":{"0":{"start":{"line":12,"column":21},"end":{"line":89,"column":1}},"1":{"start":{"line":13,"column":21},"end":{"line":13,"column":42}},"2":{"start":{"line":14,"column":20},"end":{"line":14,"column":34}},"3":{"start":{"line":16,"column":34},"end":{"line":16,"column":52}},"4":{"start":{"line":17,"column":32},"end":{"line":17,"column":56}},"5":{"start":{"line":19,"column":2},"end":{"line":88,"column":4}},"6":{"start":{"line":43,"column":14},"end":{"line":82,"column":21}}},"fnMap":{"0":{"name":"(anonymous_0)","decl":{"start":{"line":12,"column":21},"end":{"line":12,"column":22}},"loc":{"start":{"line":12,"column":27},"end":{"line":89,"column":1}},"line":12},"1":{"name":"(anonymous_1)","decl":{"start":{"line":42,"column":24},"end":{"line":42,"column":25}},"loc":{"start":{"line":43,"column":14},"end":{"line":82,"column":21}},"line":43}},"branchMap":{"0":{"loc":{"start":{"line":28,"column":9},"end":{"line":33,"column":9}},"type":"binary-expr","locations":[{"start":{"line":28,"column":9},"end":{"line":28,"column":39}},{"start":{"line":29,"column":10},"end":{"line":32,"column":13}}],"line":28}},"s":{"0":0,"1":0,"2":0,"3":0,"4":0,"5":0,"6":0},"f":{"0":0,"1":0},"b":{"0":[0,0]}}
,"/Users/charlyflow/programing/04-pictogramas-app/picto-app/modules/articles/screen/CreateArticleScreen.tsx": {"path":"/Users/charlyflow/programing/04-pictogramas-app/picto-app/modules/articles/screen/CreateArticleScreen.tsx","statementMap":{"0":{"start":{"line":24,"column":29},"end":{"line":162,"column":1}},"1":{"start":{"line":25,"column":28},"end":{"line":25,"column":49}},"2":{"start":{"line":31,"column":6},"end":{"line":31,"column":64}},"3":{"start":{"line":34,"column":4},"end":{"line":34,"column":38}},"4":{"start":{"line":36,"column":2},"end":{"line":161,"column":4}},"5":{"start":{"line":44,"column":25},"end":{"line":44,"column":38}},"6":{"start":{"line":63,"column":18},"end":{"line":75,"column":25}},"7":{"start":{"line":84,"column":18},"end":{"line":96,"column":25}},"8":{"start":{"line":105,"column":18},"end":{"line":119,"column":25}},"9":{"start":{"line":150,"column":27},"end":{"line":150,"column":42}},"10":{"start":{"line":166,"column":15},"end":{"line":179,"column":2}}},"fnMap":{"0":{"name":"(anonymous_0)","decl":{"start":{"line":24,"column":29},"end":{"line":24,"column":30}},"loc":{"start":{"line":24,"column":35},"end":{"line":162,"column":1}},"line":24},"1":{"name":"(anonymous_1)","decl":{"start":{"line":44,"column":19},"end":{"line":44,"column":20}},"loc":{"start":{"line":44,"column":25},"end":{"line":44,"column":38}},"line":44},"2":{"name":"(anonymous_2)","decl":{"start":{"line":62,"column":24},"end":{"line":62,"column":25}},"loc":{"start":{"line":63,"column":18},"end":{"line":75,"column":25}},"line":63},"3":{"name":"(anonymous_3)","decl":{"start":{"line":83,"column":24},"end":{"line":83,"column":25}},"loc":{"start":{"line":84,"column":18},"end":{"line":96,"column":25}},"line":84},"4":{"name":"(anonymous_4)","decl":{"start":{"line":104,"column":24},"end":{"line":104,"column":25}},"loc":{"start":{"line":105,"column":18},"end":{"line":119,"column":25}},"line":105},"5":{"name":"(anonymous_5)","decl":{"start":{"line":150,"column":21},"end":{"line":150,"column":22}},"loc":{"start":{"line":150,"column":27},"end":{"line":150,"column":42}},"line":150}},"branchMap":{"0":{"loc":{"start":{"line":70,"column":21},"end":{"line":74,"column":21}},"type":"binary-expr","locations":[{"start":{"line":70,"column":21},"end":{"line":70,"column":33}},{"start":{"line":71,"column":22},"end":{"line":73,"column":29}}],"line":70},"1":{"loc":{"start":{"line":91,"column":21},"end":{"line":95,"column":21}},"type":"binary-expr","locations":[{"start":{"line":91,"column":21},"end":{"line":91,"column":34}},{"start":{"line":92,"column":22},"end":{"line":94,"column":29}}],"line":91},"2":{"loc":{"start":{"line":114,"column":21},"end":{"line":118,"column":21}},"type":"binary-expr","locations":[{"start":{"line":114,"column":21},"end":{"line":114,"column":32}},{"start":{"line":115,"column":22},"end":{"line":117,"column":29}}],"line":114},"3":{"loc":{"start":{"line":133,"column":7},"end":{"line":142,"column":7}},"type":"binary-expr","locations":[{"start":{"line":133,"column":7},"end":{"line":133,"column":13}},{"start":{"line":134,"column":8},"end":{"line":141,"column":11}}],"line":133},"4":{"loc":{"start":{"line":143,"column":7},"end":{"line":153,"column":7}},"type":"binary-expr","locations":[{"start":{"line":143,"column":7},"end":{"line":143,"column":12}},{"start":{"line":144,"column":8},"end":{"line":152,"column":11}}],"line":143},"5":{"loc":{"start":{"line":154,"column":7},"end":{"line":159,"column":7}},"type":"binary-expr","locations":[{"start":{"line":154,"column":7},"end":{"line":154,"column":16}},{"start":{"line":155,"column":8},"end":{"line":158,"column":11}}],"line":154}},"s":{"0":0,"1":0,"2":0,"3":0,"4":0,"5":0,"6":0,"7":0,"8":0,"9":0,"10":0},"f":{"0":0,"1":0,"2":0,"3":0,"4":0,"5":0},"b":{"0":[0,0],"1":[0,0],"2":[0,0],"3":[0,0],"4":[0,0],"5":[0,0]}}
,"/Users/charlyflow/programing/04-pictogramas-app/picto-app/modules/articles/services/articles.service.ts": {"path":"/Users/charlyflow/programing/04-pictogramas-app/picto-app/modules/articles/services/articles.service.ts","statementMap":{"0":{"start":{"line":11,"column":29},"end":{"line":36,"column":1}},"1":{"start":{"line":17,"column":2},"end":{"line":35,"column":3}},"2":{"start":{"line":18,"column":21},"end":{"line":30,"column":5}},"3":{"start":{"line":32,"column":4},"end":{"line":32,"column":16}},"4":{"start":{"line":34,"column":4},"end":{"line":34,"column":16}},"5":{"start":{"line":38,"column":27},"end":{"line":49,"column":1}},"6":{"start":{"line":39,"column":2},"end":{"line":48,"column":3}},"7":{"start":{"line":40,"column":21},"end":{"line":44,"column":6}},"8":{"start":{"line":45,"column":4},"end":{"line":45,"column":16}},"9":{"start":{"line":47,"column":4},"end":{"line":47,"column":16}},"10":{"start":{"line":51,"column":29},"end":{"line":63,"column":1}},"11":{"start":{"line":52,"column":2},"end":{"line":62,"column":3}},"12":{"start":{"line":53,"column":21},"end":{"line":57,"column":6}},"13":{"start":{"line":59,"column":4},"end":{"line":59,"column":16}},"14":{"start":{"line":61,"column":4},"end":{"line":61,"column":16}}},"fnMap":{"0":{"name":"(anonymous_0)","decl":{"start":{"line":11,"column":29},"end":{"line":11,"column":30}},"loc":{"start":{"line":16,"column":33},"end":{"line":36,"column":1}},"line":16},"1":{"name":"(anonymous_1)","decl":{"start":{"line":38,"column":27},"end":{"line":38,"column":28}},"loc":{"start":{"line":38,"column":72},"end":{"line":49,"column":1}},"line":38},"2":{"name":"(anonymous_2)","decl":{"start":{"line":51,"column":29},"end":{"line":51,"column":30}},"loc":{"start":{"line":51,"column":66},"end":{"line":63,"column":1}},"line":51}},"branchMap":{},"s":{"0":1,"1":2,"2":2,"3":1,"4":1,"5":1,"6":1,"7":1,"8":1,"9":0,"10":1,"11":1,"12":1,"13":1,"14":0},"f":{"0":2,"1":1,"2":1},"b":{},"_coverageSchema":"1a1c01bbd47fc00a2c39e90264f33305004495a9","hash":"15dc9f5a57d893a0ae61e6be39dd7dd1cf3cf397"}
,"/Users/charlyflow/programing/04-pictogramas-app/picto-app/modules/auth/components/PickRole.tsx": {"path":"/Users/charlyflow/programing/04-pictogramas-app/picto-app/modules/auth/components/PickRole.tsx","statementMap":{"0":{"start":{"line":11,"column":17},"end":{"line":43,"column":1}},"1":{"start":{"line":12,"column":28},"end":{"line":12,"column":49}},"2":{"start":{"line":13,"column":2},"end":{"line":42,"column":4}},"3":{"start":{"line":31,"column":23},"end":{"line":31,"column":40}},"4":{"start":{"line":35,"column":32},"end":{"line":35,"column":52}},"5":{"start":{"line":38,"column":32},"end":{"line":38,"column":47}}},"fnMap":{"0":{"name":"(anonymous_0)","decl":{"start":{"line":11,"column":17},"end":{"line":11,"column":18}},"loc":{"start":{"line":11,"column":53},"end":{"line":43,"column":1}},"line":11},"1":{"name":"(anonymous_1)","decl":{"start":{"line":31,"column":17},"end":{"line":31,"column":18}},"loc":{"start":{"line":31,"column":23},"end":{"line":31,"column":40}},"line":31},"2":{"name":"(anonymous_2)","decl":{"start":{"line":35,"column":26},"end":{"line":35,"column":27}},"loc":{"start":{"line":35,"column":32},"end":{"line":35,"column":52}},"line":35},"3":{"name":"(anonymous_3)","decl":{"start":{"line":38,"column":26},"end":{"line":38,"column":27}},"loc":{"start":{"line":38,"column":32},"end":{"line":38,"column":47}},"line":38}},"branchMap":{},"s":{"0":0,"1":0,"2":0,"3":0,"4":0,"5":0},"f":{"0":0,"1":0,"2":0,"3":0},"b":{}}
,"/Users/charlyflow/programing/04-pictogramas-app/picto-app/modules/auth/context/session-expired-provider/session-expired.context.tsx": {"path":"/Users/charlyflow/programing/04-pictogramas-app/picto-app/modules/auth/context/session-expired-provider/session-expired.context.tsx","statementMap":{"0":{"start":{"line":9,"column":36},"end":{"line":9,"column":79}}},"fnMap":{},"branchMap":{},"s":{"0":0},"f":{},"b":{}}
,"/Users/charlyflow/programing/04-pictogramas-app/picto-app/modules/auth/context/session-expired-provider/session-expired.provider.tsx": {"path":"/Users/charlyflow/programing/04-pictogramas-app/picto-app/modules/auth/context/session-expired-provider/session-expired.provider.tsx","statementMap":{"0":{"start":{"line":6,"column":38},"end":{"line":30,"column":1}},"1":{"start":{"line":11,"column":21},"end":{"line":11,"column":35}},"2":{"start":{"line":12,"column":46},"end":{"line":12,"column":76}},"3":{"start":{"line":14,"column":2},"end":{"line":23,"column":31}},"4":{"start":{"line":15,"column":18},"end":{"line":17,"column":24}},"5":{"start":{"line":16,"column":6},"end":{"line":16,"column":30}},"6":{"start":{"line":19,"column":4},"end":{"line":22,"column":6}},"7":{"start":{"line":20,"column":6},"end":{"line":20,"column":26}},"8":{"start":{"line":21,"column":6},"end":{"line":21,"column":31}},"9":{"start":{"line":25,"column":2},"end":{"line":29,"column":4}}},"fnMap":{"0":{"name":"(anonymous_0)","decl":{"start":{"line":6,"column":38},"end":{"line":6,"column":39}},"loc":{"start":{"line":10,"column":6},"end":{"line":30,"column":1}},"line":10},"1":{"name":"(anonymous_1)","decl":{"start":{"line":14,"column":12},"end":{"line":14,"column":13}},"loc":{"start":{"line":14,"column":18},"end":{"line":23,"column":3}},"line":14},"2":{"name":"(anonymous_2)","decl":{"start":{"line":15,"column":29},"end":{"line":15,"column":30}},"loc":{"start":{"line":15,"column":35},"end":{"line":17,"column":5}},"line":15},"3":{"name":"(anonymous_3)","decl":{"start":{"line":19,"column":11},"end":{"line":19,"column":12}},"loc":{"start":{"line":19,"column":17},"end":{"line":22,"column":5}},"line":19}},"branchMap":{},"s":{"0":0,"1":0,"2":0,"3":0,"4":0,"5":0,"6":0,"7":0,"8":0,"9":0},"f":{"0":0,"1":0,"2":0,"3":0},"b":{}}
,"/Users/charlyflow/programing/04-pictogramas-app/picto-app/modules/auth/hooks/useLogin.ts": {"path":"/Users/charlyflow/programing/04-pictogramas-app/picto-app/modules/auth/hooks/useLogin.ts","statementMap":{"0":{"start":{"line":10,"column":24},"end":{"line":46,"column":1}},"1":{"start":{"line":11,"column":20},"end":{"line":11,"column":34}},"2":{"start":{"line":12,"column":36},"end":{"line":12,"column":60}},"3":{"start":{"line":13,"column":34},"end":{"line":13,"column":64}},"4":{"start":{"line":19,"column":6},"end":{"line":19,"column":64}},"5":{"start":{"line":21,"column":19},"end":{"line":35,"column":4}},"6":{"start":{"line":22,"column":4},"end":{"line":34,"column":5}},"7":{"start":{"line":23,"column":6},"end":{"line":23,"column":25}},"8":{"start":{"line":24,"column":18},"end":{"line":24,"column":35}},"9":{"start":{"line":25,"column":6},"end":{"line":28,"column":7}},"10":{"start":{"line":26,"column":8},"end":{"line":26,"column":28}},"11":{"start":{"line":27,"column":8},"end":{"line":27,"column":35}},"12":{"start":{"line":30,"column":6},"end":{"line":30,"column":69}},"13":{"start":{"line":32,"column":6},"end":{"line":32,"column":26}},"14":{"start":{"line":33,"column":6},"end":{"line":33,"column":25}},"15":{"start":{"line":36,"column":2},"end":{"line":45,"column":4}}},"fnMap":{"0":{"name":"(anonymous_0)","decl":{"start":{"line":10,"column":24},"end":{"line":10,"column":25}},"loc":{"start":{"line":10,"column":30},"end":{"line":46,"column":1}},"line":10},"1":{"name":"(anonymous_1)","decl":{"start":{"line":21,"column":32},"end":{"line":21,"column":33}},"loc":{"start":{"line":21,"column":48},"end":{"line":35,"column":3}},"line":21}},"branchMap":{"0":{"loc":{"start":{"line":25,"column":6},"end":{"line":28,"column":7}},"type":"if","locations":[{"start":{"line":25,"column":6},"end":{"line":28,"column":7}},{"start":{},"end":{}}],"line":25}},"s":{"0":0,"1":0,"2":0,"3":0,"4":0,"5":0,"6":0,"7":0,"8":0,"9":0,"10":0,"11":0,"12":0,"13":0,"14":0,"15":0},"f":{"0":0,"1":0},"b":{"0":[0,0]}}
,"/Users/charlyflow/programing/04-pictogramas-app/picto-app/modules/auth/hooks/useRegister.ts": {"path":"/Users/charlyflow/programing/04-pictogramas-app/picto-app/modules/auth/hooks/useRegister.ts","statementMap":{"0":{"start":{"line":10,"column":27},"end":{"line":51,"column":1}},"1":{"start":{"line":11,"column":20},"end":{"line":11,"column":34}},"2":{"start":{"line":12,"column":36},"end":{"line":12,"column":60}},"3":{"start":{"line":13,"column":34},"end":{"line":13,"column":64}},"4":{"start":{"line":20,"column":6},"end":{"line":20,"column":70}},"5":{"start":{"line":22,"column":17},"end":{"line":22,"column":28}},"6":{"start":{"line":24,"column":19},"end":{"line":39,"column":4}},"7":{"start":{"line":25,"column":4},"end":{"line":38,"column":5}},"8":{"start":{"line":26,"column":6},"end":{"line":26,"column":25}},"9":{"start":{"line":27,"column":18},"end":{"line":27,"column":38}},"10":{"start":{"line":29,"column":6},"end":{"line":32,"column":7}},"11":{"start":{"line":30,"column":8},"end":{"line":30,"column":28}},"12":{"start":{"line":31,"column":8},"end":{"line":31,"column":32}},"13":{"start":{"line":34,"column":6},"end":{"line":34,"column":69}},"14":{"start":{"line":36,"column":6},"end":{"line":36,"column":26}},"15":{"start":{"line":37,"column":6},"end":{"line":37,"column":25}},"16":{"start":{"line":40,"column":2},"end":{"line":50,"column":4}}},"fnMap":{"0":{"name":"(anonymous_0)","decl":{"start":{"line":10,"column":27},"end":{"line":10,"column":28}},"loc":{"start":{"line":10,"column":33},"end":{"line":51,"column":1}},"line":10},"1":{"name":"(anonymous_1)","decl":{"start":{"line":24,"column":32},"end":{"line":24,"column":33}},"loc":{"start":{"line":24,"column":48},"end":{"line":39,"column":3}},"line":24}},"branchMap":{"0":{"loc":{"start":{"line":29,"column":6},"end":{"line":32,"column":7}},"type":"if","locations":[{"start":{"line":29,"column":6},"end":{"line":32,"column":7}},{"start":{},"end":{}}],"line":29}},"s":{"0":0,"1":0,"2":0,"3":0,"4":0,"5":0,"6":0,"7":0,"8":0,"9":0,"10":0,"11":0,"12":0,"13":0,"14":0,"15":0,"16":0},"f":{"0":0,"1":0},"b":{"0":[0,0]}}
,"/Users/charlyflow/programing/04-pictogramas-app/picto-app/modules/auth/interfaces/AuthSate.interface.ts": {"path":"/Users/charlyflow/programing/04-pictogramas-app/picto-app/modules/auth/interfaces/AuthSate.interface.ts","statementMap":{},"fnMap":{},"branchMap":{},"s":{},"f":{},"b":{}}
,"/Users/charlyflow/programing/04-pictogramas-app/picto-app/modules/auth/interfaces/User.interface.ts": {"path":"/Users/charlyflow/programing/04-pictogramas-app/picto-app/modules/auth/interfaces/User.interface.ts","statementMap":{},"fnMap":{},"branchMap":{},"s":{},"f":{},"b":{}}
,"/Users/charlyflow/programing/04-pictogramas-app/picto-app/modules/auth/schema/form.schema.ts": {"path":"/Users/charlyflow/programing/04-pictogramas-app/picto-app/modules/auth/schema/form.schema.ts","statementMap":{"0":{"start":{"line":3,"column":30},"end":{"line":31,"column":2}},"1":{"start":{"line":33,"column":27},"end":{"line":43,"column":2}}},"fnMap":{},"branchMap":{},"s":{"0":0,"1":0},"f":{},"b":{}}
,"/Users/charlyflow/programing/04-pictogramas-app/picto-app/modules/auth/screens/LoginScreen.tsx": {"path":"/Users/charlyflow/programing/04-pictogramas-app/picto-app/modules/auth/screens/LoginScreen.tsx","statementMap":{"0":{"start":{"line":25,"column":17},"end":{"line":186,"column":1}},"1":{"start":{"line":26,"column":36},"end":{"line":26,"column":51}},"2":{"start":{"line":27,"column":42},"end":{"line":27,"column":57}},"3":{"start":{"line":29,"column":28},"end":{"line":29,"column":49}},"4":{"start":{"line":31,"column":27},"end":{"line":33,"column":3}},"5":{"start":{"line":32,"column":4},"end":{"line":32,"column":29}},"6":{"start":{"line":35,"column":27},"end":{"line":38,"column":3}},"7":{"start":{"line":36,"column":4},"end":{"line":36,"column":27}},"8":{"start":{"line":37,"column":4},"end":{"line":37,"column":27}},"9":{"start":{"line":40,"column":39},"end":{"line":40,"column":55}},"10":{"start":{"line":43,"column":4},"end":{"line":43,"column":14}},"11":{"start":{"line":45,"column":2},"end":{"line":49,"column":34}},"12":{"start":{"line":46,"column":4},"end":{"line":48,"column":5}},"13":{"start":{"line":47,"column":6},"end":{"line":47,"column":28}},"14":{"start":{"line":51,"column":2},"end":{"line":185,"column":4}},"15":{"start":{"line":72,"column":18},"end":{"line":96,"column":25}},"16":{"start":{"line":103,"column":18},"end":{"line":137,"column":25}},"17":{"start":{"line":128,"column":37},"end":{"line":128,"column":66}},"18":{"start":{"line":128,"column":60},"end":{"line":128,"column":65}},"19":{"start":{"line":190,"column":15},"end":{"line":210,"column":2}}},"fnMap":{"0":{"name":"(anonymous_0)","decl":{"start":{"line":25,"column":17},"end":{"line":25,"column":18}},"loc":{"start":{"line":25,"column":23},"end":{"line":186,"column":1}},"line":25},"1":{"name":"(anonymous_1)","decl":{"start":{"line":31,"column":27},"end":{"line":31,"column":28}},"loc":{"start":{"line":31,"column":33},"end":{"line":33,"column":3}},"line":31},"2":{"name":"(anonymous_2)","decl":{"start":{"line":35,"column":27},"end":{"line":35,"column":28}},"loc":{"start":{"line":35,"column":33},"end":{"line":38,"column":3}},"line":35},"3":{"name":"(anonymous_3)","decl":{"start":{"line":45,"column":12},"end":{"line":45,"column":13}},"loc":{"start":{"line":45,"column":18},"end":{"line":49,"column":3}},"line":45},"4":{"name":"(anonymous_4)","decl":{"start":{"line":71,"column":24},"end":{"line":71,"column":25}},"loc":{"start":{"line":72,"column":18},"end":{"line":96,"column":25}},"line":72},"5":{"name":"(anonymous_5)","decl":{"start":{"line":102,"column":24},"end":{"line":102,"column":25}},"loc":{"start":{"line":103,"column":18},"end":{"line":137,"column":25}},"line":103},"6":{"name":"(anonymous_6)","decl":{"start":{"line":128,"column":31},"end":{"line":128,"column":32}},"loc":{"start":{"line":128,"column":37},"end":{"line":128,"column":66}},"line":128},"7":{"name":"(anonymous_7)","decl":{"start":{"line":128,"column":50},"end":{"line":128,"column":51}},"loc":{"start":{"line":128,"column":60},"end":{"line":128,"column":65}},"line":128}},"branchMap":{"0":{"loc":{"start":{"line":46,"column":4},"end":{"line":48,"column":5}},"type":"if","locations":[{"start":{"line":46,"column":4},"end":{"line":48,"column":5}},{"start":{},"end":{}}],"line":46},"1":{"loc":{"start":{"line":85,"column":21},"end":{"line":95,"column":21}},"type":"binary-expr","locations":[{"start":{"line":85,"column":21},"end":{"line":85,"column":33}},{"start":{"line":86,"column":22},"end":{"line":94,"column":38}}],"line":85},"2":{"loc":{"start":{"line":111,"column":39},"end":{"line":111,"column":64}},"type":"cond-expr","locations":[{"start":{"line":111,"column":52},"end":{"line":111,"column":56}},{"start":{"line":111,"column":59},"end":{"line":111,"column":64}}],"line":111},"3":{"loc":{"start":{"line":115,"column":21},"end":{"line":126,"column":21}},"type":"binary-expr","locations":[{"start":{"line":115,"column":21},"end":{"line":115,"column":36}},{"start":{"line":116,"column":22},"end":{"line":125,"column":38}}],"line":115},"4":{"loc":{"start":{"line":131,"column":23},"end":{"line":135,"column":23}},"type":"cond-expr","locations":[{"start":{"line":132,"column":24},"end":{"line":132,"column":71}},{"start":{"line":134,"column":24},"end":{"line":134,"column":75}}],"line":131},"5":{"loc":{"start":{"line":167,"column":7},"end":{"line":172,"column":7}},"type":"binary-expr","locations":[{"start":{"line":167,"column":7},"end":{"line":167,"column":16}},{"start":{"line":168,"column":8},"end":{"line":171,"column":11}}],"line":167},"6":{"loc":{"start":{"line":173,"column":7},"end":{"line":183,"column":7}},"type":"binary-expr","locations":[{"start":{"line":173,"column":7},"end":{"line":173,"column":19}},{"start":{"line":174,"column":8},"end":{"line":182,"column":11}}],"line":173}},"s":{"0":0,"1":0,"2":0,"3":0,"4":0,"5":0,"6":0,"7":0,"8":0,"9":0,"10":0,"11":0,"12":0,"13":0,"14":0,"15":0,"16":0,"17":0,"18":0,"19":0},"f":{"0":0,"1":0,"2":0,"3":0,"4":0,"5":0,"6":0,"7":0},"b":{"0":[0,0],"1":[0,0],"2":[0,0],"3":[0,0],"4":[0,0],"5":[0,0],"6":[0,0]}}
,"/Users/charlyflow/programing/04-pictogramas-app/picto-app/modules/auth/screens/RegisterScreen.tsx": {"path":"/Users/charlyflow/programing/04-pictogramas-app/picto-app/modules/auth/screens/RegisterScreen.tsx","statementMap":{"0":{"start":{"line":28,"column":17},"end":{"line":297,"column":1}},"1":{"start":{"line":29,"column":36},"end":{"line":29,"column":51}},"2":{"start":{"line":30,"column":26},"end":{"line":30,"column":46}},"3":{"start":{"line":32,"column":40},"end":{"line":32,"column":55}},"4":{"start":{"line":33,"column":42},"end":{"line":33,"column":57}},"5":{"start":{"line":35,"column":28},"end":{"line":35,"column":49}},"6":{"start":{"line":45,"column":6},"end":{"line":45,"column":19}},"7":{"start":{"line":47,"column":24},"end":{"line":49,"column":3}},"8":{"start":{"line":48,"column":4},"end":{"line":48,"column":29}},"9":{"start":{"line":51,"column":27},"end":{"line":54,"column":3}},"10":{"start":{"line":52,"column":4},"end":{"line":52,"column":27}},"11":{"start":{"line":53,"column":4},"end":{"line":53,"column":27}},"12":{"start":{"line":56,"column":27},"end":{"line":60,"column":3}},"13":{"start":{"line":57,"column":4},"end":{"line":57,"column":18}},"14":{"start":{"line":58,"column":4},"end":{"line":58,"column":56}},"15":{"start":{"line":59,"column":4},"end":{"line":59,"column":26}},"16":{"start":{"line":62,"column":39},"end":{"line":62,"column":55}},"17":{"start":{"line":64,"column":2},"end":{"line":64,"column":13}},"18":{"start":{"line":66,"column":2},"end":{"line":70,"column":34}},"19":{"start":{"line":67,"column":4},"end":{"line":69,"column":5}},"20":{"start":{"line":68,"column":6},"end":{"line":68,"column":28}},"21":{"start":{"line":72,"column":2},"end":{"line":296,"column":4}},"22":{"start":{"line":81,"column":29},"end":{"line":81,"column":42}},"23":{"start":{"line":97,"column":18},"end":{"line":115,"column":25}},"24":{"start":{"line":123,"column":18},"end":{"line":141,"column":25}},"25":{"start":{"line":149,"column":18},"end":{"line":173,"column":25}},"26":{"start":{"line":181,"column":18},"end":{"line":215,"column":25}},"27":{"start":{"line":206,"column":37},"end":{"line":206,"column":66}},"28":{"start":{"line":206,"column":60},"end":{"line":206,"column":65}},"29":{"start":{"line":224,"column":31},"end":{"line":224,"column":51}},"30":{"start":{"line":291,"column":30},"end":{"line":291,"column":51}},"31":{"start":{"line":301,"column":15},"end":{"line":321,"column":2}}},"fnMap":{"0":{"name":"(anonymous_0)","decl":{"start":{"line":28,"column":17},"end":{"line":28,"column":18}},"loc":{"start":{"line":28,"column":23},"end":{"line":297,"column":1}},"line":28},"1":{"name":"(anonymous_1)","decl":{"start":{"line":47,"column":24},"end":{"line":47,"column":25}},"loc":{"start":{"line":47,"column":30},"end":{"line":49,"column":3}},"line":47},"2":{"name":"(anonymous_2)","decl":{"start":{"line":51,"column":27},"end":{"line":51,"column":28}},"loc":{"start":{"line":51,"column":33},"end":{"line":54,"column":3}},"line":51},"3":{"name":"(anonymous_3)","decl":{"start":{"line":56,"column":27},"end":{"line":56,"column":28}},"loc":{"start":{"line":56,"column":45},"end":{"line":60,"column":3}},"line":56},"4":{"name":"(anonymous_4)","decl":{"start":{"line":66,"column":12},"end":{"line":66,"column":13}},"loc":{"start":{"line":66,"column":18},"end":{"line":70,"column":3}},"line":66},"5":{"name":"(anonymous_5)","decl":{"start":{"line":81,"column":23},"end":{"line":81,"column":24}},"loc":{"start":{"line":81,"column":29},"end":{"line":81,"column":42}},"line":81},"6":{"name":"(anonymous_6)","decl":{"start":{"line":96,"column":24},"end":{"line":96,"column":25}},"loc":{"start":{"line":97,"column":18},"end":{"line":115,"column":25}},"line":97},"7":{"name":"(anonymous_7)","decl":{"start":{"line":122,"column":24},"end":{"line":122,"column":25}},"loc":{"start":{"line":123,"column":18},"end":{"line":141,"column":25}},"line":123},"8":{"name":"(anonymous_8)","decl":{"start":{"line":148,"column":24},"end":{"line":148,"column":25}},"loc":{"start":{"line":149,"column":18},"end":{"line":173,"column":25}},"line":149},"9":{"name":"(anonymous_9)","decl":{"start":{"line":180,"column":24},"end":{"line":180,"column":25}},"loc":{"start":{"line":181,"column":18},"end":{"line":215,"column":25}},"line":181},"10":{"name":"(anonymous_10)","decl":{"start":{"line":206,"column":31},"end":{"line":206,"column":32}},"loc":{"start":{"line":206,"column":37},"end":{"line":206,"column":66}},"line":206},"11":{"name":"(anonymous_11)","decl":{"start":{"line":206,"column":50},"end":{"line":206,"column":51}},"loc":{"start":{"line":206,"column":60},"end":{"line":206,"column":65}},"line":206},"12":{"name":"(anonymous_12)","decl":{"start":{"line":224,"column":25},"end":{"line":224,"column":26}},"loc":{"start":{"line":224,"column":31},"end":{"line":224,"column":51}},"line":224},"13":{"name":"(anonymous_13)","decl":{"start":{"line":291,"column":24},"end":{"line":291,"column":25}},"loc":{"start":{"line":291,"column":30},"end":{"line":291,"column":51}},"line":291}},"branchMap":{"0":{"loc":{"start":{"line":67,"column":4},"end":{"line":69,"column":5}},"type":"if","locations":[{"start":{"line":67,"column":4},"end":{"line":69,"column":5}},{"start":{},"end":{}}],"line":67},"1":{"loc":{"start":{"line":104,"column":21},"end":{"line":114,"column":21}},"type":"binary-expr","locations":[{"start":{"line":104,"column":21},"end":{"line":104,"column":32}},{"start":{"line":105,"column":22},"end":{"line":113,"column":38}}],"line":104},"2":{"loc":{"start":{"line":130,"column":21},"end":{"line":140,"column":21}},"type":"binary-expr","locations":[{"start":{"line":130,"column":21},"end":{"line":130,"column":36}},{"start":{"line":131,"column":22},"end":{"line":139,"column":38}}],"line":130},"3":{"loc":{"start":{"line":162,"column":21},"end":{"line":172,"column":21}},"type":"binary-expr","locations":[{"start":{"line":162,"column":21},"end":{"line":162,"column":33}},{"start":{"line":163,"column":22},"end":{"line":171,"column":38}}],"line":162},"4":{"loc":{"start":{"line":189,"column":39},"end":{"line":189,"column":64}},"type":"cond-expr","locations":[{"start":{"line":189,"column":52},"end":{"line":189,"column":56}},{"start":{"line":189,"column":59},"end":{"line":189,"column":64}}],"line":189},"5":{"loc":{"start":{"line":193,"column":21},"end":{"line":204,"column":21}},"type":"binary-expr","locations":[{"start":{"line":193,"column":21},"end":{"line":193,"column":36}},{"start":{"line":194,"column":22},"end":{"line":203,"column":38}}],"line":193},"6":{"loc":{"start":{"line":209,"column":23},"end":{"line":213,"column":23}},"type":"cond-expr","locations":[{"start":{"line":210,"column":24},"end":{"line":210,"column":71}},{"start":{"line":212,"column":24},"end":{"line":212,"column":75}}],"line":209},"7":{"loc":{"start":{"line":227,"column":19},"end":{"line":227,"column":73}},"type":"cond-expr","locations":[{"start":{"line":227,"column":26},"end":{"line":227,"column":51}},{"start":{"line":227,"column":54},"end":{"line":227,"column":73}}],"line":227},"8":{"loc":{"start":{"line":230,"column":15},"end":{"line":241,"column":15}},"type":"binary-expr","locations":[{"start":{"line":230,"column":15},"end":{"line":230,"column":27}},{"start":{"line":231,"column":16},"end":{"line":240,"column":32}}],"line":230},"9":{"loc":{"start":{"line":269,"column":7},"end":{"line":274,"column":7}},"type":"binary-expr","locations":[{"start":{"line":269,"column":7},"end":{"line":269,"column":16}},{"start":{"line":270,"column":8},"end":{"line":273,"column":11}}],"line":269},"10":{"loc":{"start":{"line":275,"column":7},"end":{"line":285,"column":7}},"type":"binary-expr","locations":[{"start":{"line":275,"column":7},"end":{"line":275,"column":19}},{"start":{"line":276,"column":8},"end":{"line":284,"column":11}}],"line":275},"11":{"loc":{"start":{"line":286,"column":7},"end":{"line":294,"column":7}},"type":"binary-expr","locations":[{"start":{"line":286,"column":7},"end":{"line":286,"column":18}},{"start":{"line":287,"column":8},"end":{"line":293,"column":11}}],"line":286}},"s":{"0":0,"1":0,"2":0,"3":0,"4":0,"5":0,"6":0,"7":0,"8":0,"9":0,"10":0,"11":0,"12":0,"13":0,"14":0,"15":0,"16":0,"17":0,"18":0,"19":0,"20":0,"21":0,"22":0,"23":0,"24":0,"25":0,"26":0,"27":0,"28":0,"29":0,"30":0,"31":0},"f":{"0":0,"1":0,"2":0,"3":0,"4":0,"5":0,"6":0,"7":0,"8":0,"9":0,"10":0,"11":0,"12":0,"13":0},"b":{"0":[0,0],"1":[0,0],"2":[0,0],"3":[0,0],"4":[0,0],"5":[0,0],"6":[0,0],"7":[0,0],"8":[0,0],"9":[0,0],"10":[0,0],"11":[0,0]}}
[...]
,"/Users/charlyflow/programing/04-pictogramas-app/picto-app/modules/shedules/screens/SheduleScreen.tsx": {"path":"/Users/charlyflow/programing/04-pictogramas-app/picto-app/modules/shedules/screens/SheduleScreen.tsx","statementMap":{"0":{"start":{"line":28,"column":28},"end":{"line":28,"column":52}},"1":{"start":{"line":29,"column":50},"end":{"line":29,"column":74}},"2":{"start":{"line":30,"column":42},"end":{"line":30,"column":70}},"3":{"start":{"line":32,"column":34},"end":{"line":32,"column":58}},"4":{"start":{"line":33,"column":34},"end":{"line":33,"column":58}},"5":{"start":{"line":35,"column":50},"end":{"line":35,"column":74}},"6":{"start":{"line":36,"column":46},"end":{"line":36,"column":74}},"7":{"start":{"line":38,"column":50},"end":{"line":38,"column":74}},"8":{"start":{"line":40,"column":22},"end":{"line":40,"column":42}},"9":{"start":{"line":41,"column":28},"end":{"line":41,"column":40}},"10":{"start":{"line":43,"column":22},"end":{"line":43,"column":42}},"11":{"start":{"line":44,"column":28},"end":{"line":44,"column":40}},"12":{"start":{"line":46,"column":25},"end":{"line":51,"column":3}},"13":{"start":{"line":47,"column":4},"end":{"line":47,"column":23}},"14":{"start":{"line":48,"column":4},"end":{"line":48,"column":33}},"15":{"start":{"line":48,"column":26},"end":{"line":48,"column":31}},"16":{"start":{"line":49,"column":4},"end":{"line":49,"column":35}},"17":{"start":{"line":49,"column":28},"end":{"line":49,"column":33}},"18":{"start":{"line":50,"column":4},"end":{"line":50,"column":36}},"19":{"start":{"line":50,"column":29},"end":{"line":50,"column":34}},"20":{"start":{"line":53,"column":25},"end":{"line":58,"column":3}},"21":{"start":{"line":54,"column":4},"end":{"line":54,"column":23}},"22":{"start":{"line":55,"column":4},"end":{"line":55,"column":33}},"23":{"start":{"line":55,"column":26},"end":{"line":55,"column":31}},"24":{"start":{"line":56,"column":4},"end":{"line":56,"column":35}},"25":{"start":{"line":56,"column":28},"end":{"line":56,"column":33}},"26":{"start":{"line":57,"column":4},"end":{"line":57,"column":36}},"27":{"start":{"line":57,"column":29},"end":{"line":57,"column":34}},"28":{"start":{"line":60,"column":28},"end":{"line":70,"column":3}},"29":{"start":{"line":61,"column":27},"end":{"line":61,"column":70}},"30":{"start":{"line":61,"column":54},"end":{"line":61,"column":69}},"31":{"start":{"line":62,"column":4},"end":{"line":62,"column":32}},"32":{"start":{"line":63,"column":4},"end":{"line":69,"column":5}},"33":{"start":{"line":64,"column":6},"end":{"line":64,"column":25}},"34":{"start":{"line":65,"column":6},"end":{"line":65,"column":27}},"35":{"start":{"line":66,"column":11},"end":{"line":69,"column":5}},"36":{"start":{"line":67,"column":6},"end":{"line":67,"column":25}},"37":{"start":{"line":68,"column":6},"end":{"line":68,"column":27}},"38":{"start":{"line":72,"column":31},"end":{"line":78,"column":3}},"39":{"start":{"line":73,"column":4},"end":{"line":77,"column":5}},"40":{"start":{"line":74,"column":6},"end":{"line":74,"column":32}},"41":{"start":{"line":76,"column":6},"end":{"line":76,"column":33}},"42":{"start":{"line":80,"column":26},"end":{"line":85,"column":3}},"43":{"start":{"line":81,"column":26},"end":{"line":81,"column":60}},"44":{"start":{"line":82,"column":4},"end":{"line":82,"column":37}},"45":{"start":{"line":83,"column":4},"end":{"line":83,"column":32}},"46":{"start":{"line":84,"column":4},"end":{"line":84,"column":30}},"47":{"start":{"line":87,"column":25},"end":{"line":91,"column":3}},"48":{"start":{"line":88,"column":4},"end":{"line":88,"column":30}},"49":{"start":{"line":89,"column":4},"end":{"line":89,"column":27}},"50":{"start":{"line":90,"column":4},"end":{"line":90,"column":27}},"51":{"start":{"line":93,"column":28},"end":{"line":93,"column":49}},"52":{"start":{"line":108,"column":6},"end":{"line":108,"column":33}},"53":{"start":{"line":113,"column":28},"end":{"line":113,"column":50}},"54":{"start":{"line":114,"column":44},"end":{"line":114,"column":62}},"55":{"start":{"line":116,"column":2},"end":{"line":122,"column":68}},"56":{"start":{"line":117,"column":4},"end":{"line":117,"column":42}},"57":{"start":{"line":117,"column":35},"end":{"line":117,"column":42}},"58":{"start":{"line":119,"column":4},"end":{"line":119,"column":20}},"59":{"start":{"line":120,"column":4},"end":{"line":120,"column":60}},"60":{"start":{"line":120,"column":36},"end":{"line":120,"column":58}},"61":{"start":{"line":121,"column":4},"end":{"line":121,"column":24}},"62":{"start":{"line":127,"column":2},"end":{"line":245,"column":4}},"63":{"start":{"line":176,"column":14},"end":{"line":191,"column":30}},"64":{"start":{"line":200,"column":41},"end":{"line":200,"column":55}},"65":{"start":{"line":222,"column":31},"end":{"line":222,"column":57}},"66":{"start":{"line":229,"column":27},"end":{"line":229,"column":48}},"67":{"start":{"line":239,"column":33},"end":{"line":239,"column":59}}},"fnMap":{"0":{"name":"SheduleScreen","decl":{"start":{"line":27,"column":24},"end":{"line":27,"column":37}},"loc":{"start":{"line":27,"column":40},"end":{"line":246,"column":1}},"line":27},"1":{"name":"(anonymous_1)","decl":{"start":{"line":46,"column":25},"end":{"line":46,"column":26}},"loc":{"start":{"line":46,"column":31},"end":{"line":51,"column":3}},"line":46},"2":{"name":"(anonymous_2)","decl":{"start":{"line":48,"column":16},"end":{"line":48,"column":17}},"loc":{"start":{"line":48,"column":26},"end":{"line":48,"column":31}},"line":48},"3":{"name":"(anonymous_3)","decl":{"start":{"line":49,"column":18},"end":{"line":49,"column":19}},"loc":{"start":{"line":49,"column":28},"end":{"line":49,"column":33}},"line":49},"4":{"name":"(anonymous_4)","decl":{"start":{"line":50,"column":19},"end":{"line":50,"column":20}},"loc":{"start":{"line":50,"column":29},"end":{"line":50,"column":34}},"line":50},"5":{"name":"(anonymous_5)","decl":{"start":{"line":53,"column":25},"end":{"line":53,"column":26}},"loc":{"start":{"line":53,"column":31},"end":{"line":58,"column":3}},"line":53},"6":{"name":"(anonymous_6)","decl":{"start":{"line":55,"column":16},"end":{"line":55,"column":17}},"loc":{"start":{"line":55,"column":26},"end":{"line":55,"column":31}},"line":55},"7":{"name":"(anonymous_7)","decl":{"start":{"line":56,"column":18},"end":{"line":56,"column":19}},"loc":{"start":{"line":56,"column":28},"end":{"line":56,"column":33}},"line":56},"8":{"name":"(anonymous_8)","decl":{"start":{"line":57,"column":19},"end":{"line":57,"column":20}},"loc":{"start":{"line":57,"column":29},"end":{"line":57,"column":34}},"line":57},"9":{"name":"(anonymous_9)","decl":{"start":{"line":60,"column":28},"end":{"line":60,"column":29}},"loc":{"start":{"line":60,"column":53},"end":{"line":70,"column":3}},"line":60},"10":{"name":"(anonymous_10)","decl":{"start":{"line":61,"column":43},"end":{"line":61,"column":44}},"loc":{"start":{"line":61,"column":54},"end":{"line":61,"column":69}},"line":61},"11":{"name":"(anonymous_11)","decl":{"start":{"line":72,"column":31},"end":{"line":72,"column":32}},"loc":{"start":{"line":72,"column":50},"end":{"line":78,"column":3}},"line":72},"12":{"name":"(anonymous_12)","decl":{"start":{"line":80,"column":26},"end":{"line":80,"column":27}},"loc":{"start":{"line":80,"column":38},"end":{"line":85,"column":3}},"line":80},"13":{"name":"(anonymous_13)","decl":{"start":{"line":87,"column":25},"end":{"line":87,"column":26}},"loc":{"start":{"line":87,"column":67},"end":{"line":91,"column":3}},"line":87},"14":{"name":"(anonymous_14)","decl":{"start":{"line":116,"column":12},"end":{"line":116,"column":13}},"loc":{"start":{"line":116,"column":18},"end":{"line":122,"column":3}},"line":116},"15":{"name":"(anonymous_15)","decl":{"start":{"line":120,"column":25},"end":{"line":120,"column":26}},"loc":{"start":{"line":120,"column":36},"end":{"line":120,"column":58}},"line":120},"16":{"name":"(anonymous_16)","decl":{"start":{"line":175,"column":26},"end":{"line":175,"column":27}},"loc":{"start":{"line":176,"column":14},"end":{"line":191,"column":30}},"line":176},"17":{"name":"(anonymous_17)","decl":{"start":{"line":200,"column":31},"end":{"line":200,"column":32}},"loc":{"start":{"line":200,"column":41},"end":{"line":200,"column":55}},"line":200},"18":{"name":"(anonymous_18)","decl":{"start":{"line":222,"column":25},"end":{"line":222,"column":26}},"loc":{"start":{"line":222,"column":31},"end":{"line":222,"column":57}},"line":222},"19":{"name":"(anonymous_19)","decl":{"start":{"line":229,"column":21},"end":{"line":229,"column":22}},"loc":{"start":{"line":229,"column":27},"end":{"line":229,"column":48}},"line":229},"20":{"name":"(anonymous_20)","decl":{"start":{"line":239,"column":27},"end":{"line":239,"column":28}},"loc":{"start":{"line":239,"column":33},"end":{"line":239,"column":59}},"line":239}},"branchMap":{"0":{"loc":{"start":{"line":63,"column":4},"end":{"line":69,"column":5}},"type":"if","locations":[{"start":{"line":63,"column":4},"end":{"line":69,"column":5}},{"start":{"line":66,"column":11},"end":{"line":69,"column":5}}],"line":63},"1":{"loc":{"start":{"line":63,"column":8},"end":{"line":63,"column":41}},"type":"binary-expr","locations":[{"start":{"line":63,"column":8},"end":{"line":63,"column":16}},{"start":{"line":63,"column":20},"end":{"line":63,"column":41}}],"line":63},"2":{"loc":{"start":{"line":66,"column":11},"end":{"line":69,"column":5}},"type":"if","locations":[{"start":{"line":66,"column":11},"end":{"line":69,"column":5}},{"start":{},"end":{}}],"line":66},"3":{"loc":{"start":{"line":66,"column":15},"end":{"line":66,"column":48}},"type":"binary-expr","locations":[{"start":{"line":66,"column":15},"end":{"line":66,"column":23}},{"start":{"line":66,"column":27},"end":{"line":66,"column":48}}],"line":66},"4":{"loc":{"start":{"line":73,"column":4},"end":{"line":77,"column":5}},"type":"if","locations":[{"start":{"line":73,"column":4},"end":{"line":77,"column":5}},{"start":{"line":75,"column":11},"end":{"line":77,"column":5}}],"line":73},"5":{"loc":{"start":{"line":117,"column":4},"end":{"line":117,"column":42}},"type":"if","locations":[{"start":{"line":117,"column":4},"end":{"line":117,"column":42}},{"start":{},"end":{}}],"line":117},"6":{"loc":{"start":{"line":143,"column":11},"end":{"line":152,"column":11}},"type":"binary-expr","locations":[{"start":{"line":143,"column":11},"end":{"line":143,"column":29}},{"start":{"line":144,"column":12},"end":{"line":151,"column":28}}],"line":143},"7":{"loc":{"start":{"line":187,"column":20},"end":{"line":187,"column":74}},"type":"cond-expr","locations":[{"start":{"line":187,"column":62},"end":{"line":187,"column":66}},{"start":{"line":187,"column":69},"end":{"line":187,"column":74}}],"line":187},"8":{"loc":{"start":{"line":187,"column":20},"end":{"line":187,"column":59}},"type":"binary-expr","locations":[{"start":{"line":187,"column":20},"end":{"line":187,"column":47}},{"start":{"line":187,"column":51},"end":{"line":187,"column":59}}],"line":187},"9":{"loc":{"start":{"line":194,"column":11},"end":{"line":204,"column":11}},"type":"binary-expr","locations":[{"start":{"line":194,"column":11},"end":{"line":194,"column":23}},{"start":{"line":195,"column":12},"end":{"line":203,"column":20}}],"line":194},"10":{"loc":{"start":{"line":208,"column":7},"end":{"line":214,"column":7}},"type":"binary-expr","locations":[{"start":{"line":208,"column":7},"end":{"line":208,"column":23}},{"start":{"line":209,"column":8},"end":{"line":213,"column":10}}],"line":208},"11":{"loc":{"start":{"line":216,"column":7},"end":{"line":218,"column":7}},"type":"binary-expr","locations":[{"start":{"line":216,"column":8},"end":{"line":216,"column":20}},{"start":{"line":216,"column":24},"end":{"line":216,"column":40}},{"start":{"line":216,"column":44},"end":{"line":216,"column":60}},{"start":{"line":217,"column":8},"end":{"line":217,"column":25}}],"line":216},"12":{"loc":{"start":{"line":219,"column":7},"end":{"line":224,"column":7}},"type":"binary-expr","locations":[{"start":{"line":219,"column":7},"end":{"line":219,"column":23}},{"start":{"line":220,"column":8},"end":{"line":223,"column":10}}],"line":219},"13":{"loc":{"start":{"line":225,"column":7},"end":{"line":234,"column":7}},"type":"binary-expr","locations":[{"start":{"line":225,"column":7},"end":{"line":225,"column":12}},{"start":{"line":226,"column":8},"end":{"line":233,"column":11}}],"line":225},"14":{"loc":{"start":{"line":235,"column":7},"end":{"line":243,"column":7}},"type":"binary-expr","locations":[{"start":{"line":235,"column":7},"end":{"line":235,"column":23}},{"start":{"line":236,"column":8},"end":{"line":242,"column":11}}],"line":235}},"s":{"0":0,"1":0,"2":0,"3":0,"4":0,"5":0,"6":0,"7":0,"8":0,"9":0,"10":0,"11":0,"12":0,"13":0,"14":0,"15":0,"16":0,"17":0,"18":0,"19":0,"20":0,"21":0,"22":0,"23":0,"24":0,"25":0,"26":0,"27":0,"28":0,"29":0,"30":0,"31":0,"32":0,"33":0,"34":0,"35":0,"36":0,"37":0,"38":0,"39":0,"40":0,"41":0,"42":0,"43":0,"44":0,"45":0,"46":0,"47":0,"48":0,"49":0,"50":0,"51":0,"52":0,"53":0,"54":0,"55":0,"56":0,"57":0,"58":0,"59":0,"60":0,"61":0,"62":0,"63":0,"64":0,"65":0,"66":0,"67":0},"f":{"0":0,"1":0,"2":0,"3":0,"4":0,"5":0,"6":0,"7":0,"8":0,"9":0,"10":0,"11":0,"12":0,"13":0,"14":0,"15":0,"16":0,"17":0,"18":0,"19":0,"20":0},"b":{"0":[0,0],"1":[0,0],"2":[0,0],"3":[0,0],"4":[0,0],"5":[0,0],"6":[0,0],"7":[0,0],"8":[0,0],"9":[0,0],"10":[0,0],"11":[0,0,0,0],"12":[0,0],"13":[0,0],"14":[0,0]}}
,"/Users/charlyflow/programing/04-pictogramas-app/picto-app/modules/shedules/services/pictograms.service.ts": {"path":"/Users/charlyflow/programing/04-pictogramas-app/picto-app/modules/shedules/services/pictograms.service.ts","statementMap":{"0":{"start":{"line":7,"column":39},"end":{"line":17,"column":1}},"1":{"start":{"line":8,"column":2},"end":{"line":16,"column":3}},"2":{"start":{"line":9,"column":21},"end":{"line":9,"column":52}},"3":{"start":{"line":11,"column":19},"end":{"line":11,"column":55}},"4":{"start":{"line":13,"column":4},"end":{"line":13,"column":18}},"5":{"start":{"line":15,"column":4},"end":{"line":15,"column":16}},"6":{"start":{"line":25,"column":25},"end":{"line":37,"column":1}},"7":{"start":{"line":26,"column":2},"end":{"line":36,"column":3}},"8":{"start":{"line":27,"column":21},"end":{"line":29,"column":5}},"9":{"start":{"line":31,"column":19},"end":{"line":31,"column":55}},"10":{"start":{"line":33,"column":4},"end":{"line":33,"column":18}},"11":{"start":{"line":35,"column":4},"end":{"line":35,"column":16}},"12":{"start":{"line":45,"column":28},"end":{"line":67,"column":1}},"13":{"start":{"line":46,"column":2},"end":{"line":66,"column":3}},"14":{"start":{"line":47,"column":16},"end":{"line":58,"column":5}},"15":{"start":{"line":60,"column":4},"end":{"line":63,"column":6}},"16":{"start":{"line":65,"column":4},"end":{"line":65,"column":16}}},"fnMap":{"0":{"name":"(anonymous_0)","decl":{"start":{"line":7,"column":39},"end":{"line":7,"column":40}},"loc":{"start":{"line":7,"column":74},"end":{"line":17,"column":1}},"line":7},"1":{"name":"(anonymous_1)","decl":{"start":{"line":25,"column":25},"end":{"line":25,"column":26}},"loc":{"start":{"line":25,"column":72},"end":{"line":37,"column":1}},"line":25},"2":{"name":"(anonymous_2)","decl":{"start":{"line":45,"column":28},"end":{"line":45,"column":29}},"loc":{"start":{"line":45,"column":70},"end":{"line":67,"column":1}},"line":45}},"branchMap":{},"s":{"0":0,"1":0,"2":0,"3":0,"4":0,"5":0,"6":0,"7":0,"8":0,"9":0,"10":0,"11":0,"12":0,"13":0,"14":0,"15":0,"16":0},"f":{"0":0,"1":0,"2":0},"b":{}}
,"/Users/charlyflow/programing/04-pictogramas-app/picto-app/modules/shedules/services/userSchedules.service.ts": {"path":"/Users/charlyflow/programing/04-pictogramas-app/picto-app/modules/shedules/services/userSchedules.service.ts","statementMap":{"0":{"start":{"line":3,"column":36},"end":{"line":15,"column":1}},"1":{"start":{"line":4,"column":2},"end":{"line":14,"column":3}},"2":{"start":{"line":5,"column":21},"end":{"line":9,"column":6}},"3":{"start":{"line":11,"column":4},"end":{"line":11,"column":16}},"4":{"start":{"line":13,"column":4},"end":{"line":13,"column":16}},"5":{"start":{"line":16,"column":30},"end":{"line":28,"column":1}},"6":{"start":{"line":17,"column":2},"end":{"line":27,"column":3}},"7":{"start":{"line":18,"column":16},"end":{"line":22,"column":6}},"8":{"start":{"line":24,"column":4},"end":{"line":24,"column":15}},"9":{"start":{"line":26,"column":4},"end":{"line":26,"column":16}}},"fnMap":{"0":{"name":"(anonymous_0)","decl":{"start":{"line":3,"column":36},"end":{"line":3,"column":37}},"loc":{"start":{"line":3,"column":61},"end":{"line":15,"column":1}},"line":3},"1":{"name":"(anonymous_1)","decl":{"start":{"line":16,"column":30},"end":{"line":16,"column":31}},"loc":{"start":{"line":16,"column":67},"end":{"line":28,"column":1}},"line":16}},"branchMap":{},"s":{"0":0,"1":0,"2":0,"3":0,"4":0,"5":0,"6":0,"7":0,"8":0,"9":0},"f":{"0":0,"1":0},"b":{}}
,"/Users/charlyflow/programing/04-pictogramas-app/picto-app/modules/shedules/utility/prepareDataToSaveSchedules.ts": {"path":"/Users/charlyflow/programing/04-pictogramas-app/picto-app/modules/shedules/utility/prepareDataToSaveSchedules.ts","statementMap":{"0":{"start":{"line":3,"column":40},"end":{"line":15,"column":1}},"1":{"start":{"line":4,"column":24},"end":{"line":13,"column":4}},"2":{"start":{"line":5,"column":4},"end":{"line":12,"column":6}},"3":{"start":{"line":14,"column":2},"end":{"line":14,"column":23}}},"fnMap":{"0":{"name":"(anonymous_0)","decl":{"start":{"line":3,"column":40},"end":{"line":3,"column":41}},"loc":{"start":{"line":3,"column":68},"end":{"line":15,"column":1}},"line":3},"1":{"name":"(anonymous_1)","decl":{"start":{"line":4,"column":37},"end":{"line":4,"column":38}},"loc":{"start":{"line":4,"column":55},"end":{"line":13,"column":3}},"line":4}},"branchMap":{"0":{"loc":{"start":{"line":9,"column":14},"end":{"line":9,"column":54}},"type":"cond-expr","locations":[{"start":{"line":9,"column":37},"end":{"line":9,"column":44}},{"start":{"line":9,"column":47},"end":{"line":9,"column":54}}],"line":9}},"s":{"0":0,"1":0,"2":0,"3":0},"f":{"0":0,"1":0},"b":{"0":[0,0]}}
,"/Users/charlyflow/programing/04-pictogramas-app/picto-app/modules/shedules/utility/transformCapitalize.ts": {"path":"/Users/charlyflow/programing/04-pictogramas-app/picto-app/modules/shedules/utility/transformCapitalize.ts","statementMap":{"0":{"start":{"line":1,"column":35},"end":{"line":4,"column":1}},"1":{"start":{"line":2,"column":25},"end":{"line":2,"column":69}},"2":{"start":{"line":3,"column":2},"end":{"line":3,"column":24}}},"fnMap":{"0":{"name":"(anonymous_0)","decl":{"start":{"line":1,"column":35},"end":{"line":1,"column":36}},"loc":{"start":{"line":1,"column":53},"end":{"line":4,"column":1}},"line":1}},"branchMap":{},"s":{"0":0,"1":0,"2":0},"f":{"0":0},"b":{}}
}
